

================================================================
== Vitis HLS Report for 'saturatedAdd'
================================================================
* Date:           Wed May  3 22:20:13 2023

* Version:        2022.1.2 (Build 3605665 on Fri Aug  5 22:52:02 MDT 2022)
* Project:        HLS_project_apply_watermark
* Solution:       solution1 (Vivado IP Flow Target)
* Product family: zynq
* Target device:  xc7z020-clg400-1


================================================================
== Performance Estimates
================================================================
+ Timing: 
    * Summary: 
    +--------+----------+----------+------------+
    |  Clock |  Target  | Estimated| Uncertainty|
    +--------+----------+----------+------------+
    |ap_clk  |  10.00 ns|  3.163 ns|     2.70 ns|
    +--------+----------+----------+------------+

+ Latency: 
    * Summary: 
    +---------+---------+----------+----------+-----+-----+---------+
    |  Latency (cycles) |  Latency (absolute) |  Interval | Pipeline|
    |   min   |   max   |    min   |    max   | min | max |   Type  |
    +---------+---------+----------+----------+-----+-----+---------+
    |        0|        0|      0 ns|      0 ns|    1|    1|      yes|
    +---------+---------+----------+----------+-----+-----+---------+

    + Detail: 
        * Instance: 
        N/A

        * Loop: 
        N/A



================================================================
== Utilization Estimates
================================================================
* Summary: 
+-----------------+---------+-----+--------+-------+-----+
|       Name      | BRAM_18K| DSP |   FF   |  LUT  | URAM|
+-----------------+---------+-----+--------+-------+-----+
|DSP              |        -|    -|       -|      -|    -|
|Expression       |        -|    -|       0|    119|    -|
|FIFO             |        -|    -|       -|      -|    -|
|Instance         |        -|    -|       -|      -|    -|
|Memory           |        -|    -|       -|      -|    -|
|Multiplexer      |        -|    -|       -|      -|    -|
|Register         |        -|    -|       -|      -|    -|
+-----------------+---------+-----+--------+-------+-----+
|Total            |        0|    0|       0|    119|    0|
+-----------------+---------+-----+--------+-------+-----+
|Available        |      280|  220|  106400|  53200|    0|
+-----------------+---------+-----+--------+-------+-----+
|Utilization (%)  |        0|    0|       0|     ~0|    0|
+-----------------+---------+-----+--------+-------+-----+

+ Detail: 
    * Instance: 
    N/A

    * DSP: 
    N/A

    * Memory: 
    N/A

    * FIFO: 
    N/A

    * Expression: 
    +-------------------------+----------+----+---+----+------------+------------+
    |      Variable Name      | Operation| DSP| FF| LUT| Bitwidth P0| Bitwidth P1|
    +-------------------------+----------+----+---+----+------------+------------+
    |add_ln195_1_fu_128_p2    |         +|   0|  0|  15|           8|           8|
    |add_ln202_1_fu_156_p2    |         +|   0|  0|  15|           8|           8|
    |add_ln209_1_fu_192_p2    |         +|   0|  0|  15|           8|           8|
    |blueOutput_fu_186_p2     |         +|   0|  0|  14|           9|           9|
    |greenOutput_fu_150_p2    |         +|   0|  0|  14|           9|           9|
    |redOutput_fu_122_p2      |         +|   0|  0|  14|           9|           9|
    |blueOutput_1_fu_206_p3   |    select|   0|  0|   8|           1|           2|
    |greenOutput_1_fu_170_p3  |    select|   0|  0|   8|           1|           2|
    |redOutput_2_fu_142_p3    |    select|   0|  0|   8|           1|           2|
    |select_ln195_fu_114_p3   |    select|   0|  0|   4|           1|           4|
    |select_ln209_fu_178_p3   |    select|   0|  0|   4|           1|           4|
    +-------------------------+----------+----+---+----+------------+------------+
    |Total                    |          |   0|  0| 119|          56|          65|
    +-------------------------+----------+----+---+----+------------+------------+

    * Multiplexer: 
    N/A

    * Register: 
    N/A



================================================================
== Interface
================================================================
* Summary: 
+-----------+-----+-----+------------+--------------+--------------+
| RTL Ports | Dir | Bits|  Protocol  | Source Object|    C Type    |
+-----------+-----+-----+------------+--------------+--------------+
|ap_ready   |  out|    1|  ap_ctrl_hs|  saturatedAdd|  return value|
|ap_return  |  out|   24|  ap_ctrl_hs|  saturatedAdd|  return value|
|x          |   in|   24|     ap_none|             x|        scalar|
|y          |   in|   17|     ap_none|             y|        scalar|
+-----------+-----+-----+------------+--------------+--------------+

