#-----------------------------------------------------------
# xsim v2022.1.2 (64-bit)
# SW Build 3605665 on Fri Aug  5 22:52:02 MDT 2022
# IP Build 3603185 on Sat Aug  6 04:07:44 MDT 2022
# Start of session at: Wed May  3 22:20:53 2023
# Process ID: 126063
# Current directory: /export/hdd/scratch/ygoyal8/special_problems/HLS_project_apply_watermark/solution1/sim/verilog
# Command line: xsim -mode tcl -source {xsim.dir/apply_watermark/xsim_script.tcl}
# Log file: /export/hdd/scratch/ygoyal8/special_problems/HLS_project_apply_watermark/solution1/sim/verilog/xsim.log
# Journal file: /export/hdd/scratch/ygoyal8/special_problems/HLS_project_apply_watermark/solution1/sim/verilog/xsim.jou
# Running On: chao-srv1.ece.gatech.edu, OS: Linux, CPU Frequency: 3599.865 MHz, CPU Physical cores: 32, Host memory: 539394 MB
#-----------------------------------------------------------
source xsim.dir/apply_watermark/xsim_script.tcl
# xsim {apply_watermark} -autoloadwcfg -tclbatch {apply_watermark.tcl}
Time resolution is 1 ps
source apply_watermark.tcl
## run all
////////////////////////////////////////////////////////////////////////////////////
// Inter-Transaction Progress: Completed Transaction / Total Transaction
// Intra-Transaction Progress: Measured Latency / Latency Estimation * 100%
//
// RTL Simulation : "Inter-Transaction Progress" ["Intra-Transaction Progress"] @ "Simulation Time"
////////////////////////////////////////////////////////////////////////////////////
// RTL Simulation : 0 / 1 [0.00%] @ "155000"
// RTL Simulation : 1 / 1 [100.00%] @ "357575000"
////////////////////////////////////////////////////////////////////////////////////
$finish called at time : 357635 ns : File "/export/hdd/scratch/ygoyal8/special_problems/HLS_project_apply_watermark/solution1/sim/verilog/apply_watermark.autotb.v" Line 576
run: Time (s): cpu = 00:00:02 ; elapsed = 00:00:06 . Memory (MB): peak = 2840.938 ; gain = 0.000 ; free physical = 165604 ; free virtual = 337939
## quit
INFO: [Common 17-206] Exiting xsim at Wed May  3 22:21:02 2023...
