

================================================================
== Vitis HLS Report for 'load_input_Pipeline_image_traverse'
================================================================
* Date:           Wed May  3 22:20:10 2023

* Version:        2022.1.2 (Build 3605665 on Fri Aug  5 22:52:02 MDT 2022)
* Project:        HLS_project_apply_watermark
* Solution:       solution1 (Vivado IP Flow Target)
* Product family: zynq
* Target device:  xc7z020-clg400-1


================================================================
== Performance Estimates
================================================================
+ Timing: 
    * Summary: 
    +--------+----------+----------+------------+
    |  Clock |  Target  | Estimated| Uncertainty|
    +--------+----------+----------+------------+
    |ap_clk  |  10.00 ns|  7.300 ns|     2.70 ns|
    +--------+----------+----------+------------+

+ Latency: 
    * Summary: 
    +---------+---------+----------+----------+-------+-------+---------+
    |  Latency (cycles) |  Latency (absolute) |    Interval   | Pipeline|
    |   min   |   max   |    min   |    max   |  min  |  max  |   Type  |
    +---------+---------+----------+----------+-------+-------+---------+
    |    31571|    31571|  0.316 ms|  0.316 ms|  31571|  31571|       no|
    +---------+---------+----------+----------+-------+-------+---------+

    + Detail: 
        * Instance: 
        N/A

        * Loop: 
        +------------------+---------+---------+----------+-----------+-----------+-------+----------+
        |                  |  Latency (cycles) | Iteration|  Initiation Interval  |  Trip |          |
        |     Loop Name    |   min   |   max   |  Latency |  achieved |   target  | Count | Pipelined|
        +------------------+---------+---------+----------+-----------+-----------+-------+----------+
        |- image_traverse  |    31569|    31569|         3|          1|          1|  31568|       yes|
        +------------------+---------+---------+----------+-----------+-----------+-------+----------+

============================================================
+ Verbose Summary: Synthesis Manager
============================================================
InlineROM: 1
ExposeGlobal: 0
============================================================
+ Verbose Summary: CDFG Model
============================================================
IsTopModel: 0
ResetActiveHigh: 1
IsCombinational: 0
IsDatapathOnly: 0
HasWiredReturn: 1
HasMFsm: 2
HasVarLatency: 1
IsPipeline: 0
IsRtlPipelined: 0
IsInstanceOverlapped: 0
IsDontTouch: 0
HasImplIP: 0
IsGatedGlobalClock: 0

+ Individual pipeline summary: 
  * Pipeline-0: initiation interval (II) = 1, depth = 3


============================================================
+ Verbose Summary: Schedule
============================================================
* Number of FSM states : 3
* Pipeline : 1
  Pipeline-0 : II = 1, D = 3, States = { 1 2 3 }
* Dataflow Pipeline: 0

* FSM state transitions: 
1 --> 2 
2 --> 3 
3 --> 

* FSM state operations: 

State 1 <SV = 0> <Delay = 3.90>
ST_1 : Operation 6 [1/1] (0.00ns)   --->   "%y = alloca i32 1"   --->   Operation 6 'alloca' 'y' <Predicate = true> <Delay = 0.00>
ST_1 : Operation 7 [1/1] (0.00ns)   --->   "%x = alloca i32 1"   --->   Operation 7 'alloca' 'x' <Predicate = true> <Delay = 0.00>
ST_1 : Operation 8 [1/1] (0.00ns)   --->   "%idx = alloca i32 1"   --->   Operation 8 'alloca' 'idx' <Predicate = true> <Delay = 0.00>
ST_1 : Operation 9 [1/1] (0.00ns)   --->   "%sext_ln78_read = read i58 @_ssdm_op_Read.ap_auto.i58, i58 %sext_ln78"   --->   Operation 9 'read' 'sext_ln78_read' <Predicate = true> <Delay = 0.00>
ST_1 : Operation 10 [1/1] (0.00ns)   --->   "%sext_ln78_cast = sext i58 %sext_ln78_read"   --->   Operation 10 'sext' 'sext_ln78_cast' <Predicate = true> <Delay = 0.00>
ST_1 : Operation 11 [1/1] (0.00ns)   --->   "%specinterface_ln0 = specinterface void @_ssdm_op_SpecInterface, i512 %gmem0, void @empty_10, i32 0, i32 0, void @empty_13, i32 64, i32 31568, void @empty_1, void @empty_11, void @empty_13, i32 16, i32 16, i32 16, i32 16, void @empty_13, void @empty_13, i32 4294967295, i32 0"   --->   Operation 11 'specinterface' 'specinterface_ln0' <Predicate = true> <Delay = 0.00>
ST_1 : Operation 12 [1/1] (0.00ns)   --->   "%specinterface_ln0 = specinterface void @_ssdm_op_SpecInterface, i32 %yStream, void @empty_5, i32 0, i32 0, void @empty_13, i32 0, i32 0, void @empty_13, void @empty_13, void @empty_13, i32 0, i32 0, i32 0, i32 0, void @empty_13, void @empty_13, i32 4294967295, i32 0"   --->   Operation 12 'specinterface' 'specinterface_ln0' <Predicate = true> <Delay = 0.00>
ST_1 : Operation 13 [1/1] (0.00ns)   --->   "%specinterface_ln0 = specinterface void @_ssdm_op_SpecInterface, i32 %xStream, void @empty_5, i32 0, i32 0, void @empty_13, i32 0, i32 0, void @empty_13, void @empty_13, void @empty_13, i32 0, i32 0, i32 0, i32 0, void @empty_13, void @empty_13, i32 4294967295, i32 0"   --->   Operation 13 'specinterface' 'specinterface_ln0' <Predicate = true> <Delay = 0.00>
ST_1 : Operation 14 [1/1] (0.00ns)   --->   "%specinterface_ln0 = specinterface void @_ssdm_op_SpecInterface, i512 %inStream, void @empty_5, i32 0, i32 0, void @empty_13, i32 0, i32 0, void @empty_13, void @empty_13, void @empty_13, i32 0, i32 0, i32 0, i32 0, void @empty_13, void @empty_13, i32 4294967295, i32 0"   --->   Operation 14 'specinterface' 'specinterface_ln0' <Predicate = true> <Delay = 0.00>
ST_1 : Operation 15 [1/1] (1.58ns)   --->   "%store_ln0 = store i15 0, i15 %idx"   --->   Operation 15 'store' 'store_ln0' <Predicate = true> <Delay = 1.58>
ST_1 : Operation 16 [1/1] (1.58ns)   --->   "%store_ln0 = store i32 0, i32 %x"   --->   Operation 16 'store' 'store_ln0' <Predicate = true> <Delay = 1.58>
ST_1 : Operation 17 [1/1] (1.58ns)   --->   "%store_ln0 = store i32 0, i32 %y"   --->   Operation 17 'store' 'store_ln0' <Predicate = true> <Delay = 1.58>
ST_1 : Operation 18 [1/1] (0.00ns)   --->   "%br_ln0 = br void %for.body.i"   --->   Operation 18 'br' 'br_ln0' <Predicate = true> <Delay = 0.00>
ST_1 : Operation 19 [1/1] (0.00ns)   --->   "%idx_1 = load i15 %idx" [Vitis_Accel_Examples/cpp_kernels/critical_path/src/apply_watermark.cpp:78]   --->   Operation 19 'load' 'idx_1' <Predicate = true> <Delay = 0.00>
ST_1 : Operation 20 [1/1] (2.31ns)   --->   "%icmp_ln78 = icmp_eq  i15 %idx_1, i15 31568" [Vitis_Accel_Examples/cpp_kernels/critical_path/src/apply_watermark.cpp:78]   --->   Operation 20 'icmp' 'icmp_ln78' <Predicate = true> <Delay = 2.31> <CoreInst = "Cmp">   --->   Core 9 'Cmp' <Latency = 0> <II = 1> <Delay = 2.31> <FuncUnit> <Opcode : 'icmp'> <InPorts = 2> <OutPorts = 1>
ST_1 : Operation 21 [1/1] (1.94ns)   --->   "%add_ln78 = add i15 %idx_1, i15 1" [Vitis_Accel_Examples/cpp_kernels/critical_path/src/apply_watermark.cpp:78]   --->   Operation 21 'add' 'add_ln78' <Predicate = true> <Delay = 1.94> <CoreInst = "Adder">   --->   Core 1 'Adder' <Latency = 0> <II = 1> <Delay = 1.94> <FuncUnit> <Opcode : 'add' 'sub'> <InPorts = 2> <OutPorts = 1>
ST_1 : Operation 22 [1/1] (0.00ns)   --->   "%br_ln78 = br i1 %icmp_ln78, void %for.body.split.i, void %load_input.exit.exitStub" [Vitis_Accel_Examples/cpp_kernels/critical_path/src/apply_watermark.cpp:78]   --->   Operation 22 'br' 'br_ln78' <Predicate = true> <Delay = 0.00>
ST_1 : Operation 23 [1/1] (1.58ns)   --->   "%store_ln78 = store i15 %add_ln78, i15 %idx" [Vitis_Accel_Examples/cpp_kernels/critical_path/src/apply_watermark.cpp:78]   --->   Operation 23 'store' 'store_ln78' <Predicate = (!icmp_ln78)> <Delay = 1.58>

State 2 <SV = 1> <Delay = 7.30>
ST_2 : Operation 24 [1/1] (0.00ns)   --->   "%gmem0_addr = getelementptr i512 %gmem0, i64 %sext_ln78_cast" [Vitis_Accel_Examples/cpp_kernels/critical_path/src/apply_watermark.cpp:78]   --->   Operation 24 'getelementptr' 'gmem0_addr' <Predicate = true> <Delay = 0.00>
ST_2 : Operation 25 [1/1] (0.00ns)   --->   "%specpipeline_ln0 = specpipeline void @_ssdm_op_SpecPipeline, i32 4294967295, i32 0, i32 1, i32 0, void @p_str"   --->   Operation 25 'specpipeline' 'specpipeline_ln0' <Predicate = true> <Delay = 0.00>
ST_2 : Operation 26 [1/1] (0.00ns)   --->   "%x_load = load i32 %x" [Vitis_Accel_Examples/cpp_kernels/critical_path/src/apply_watermark.cpp:85]   --->   Operation 26 'load' 'x_load' <Predicate = (!icmp_ln78)> <Delay = 0.00>
ST_2 : Operation 27 [1/1] (7.30ns)   --->   "%gmem0_addr_read = read i512 @_ssdm_op_Read.m_axi.p1i512, i512 %gmem0_addr" [/tools/software/xilinx/Vitis_HLS/2022.1/common/technology/autopilot/hls_stream_39.h:174]   --->   Operation 27 'read' 'gmem0_addr_read' <Predicate = (!icmp_ln78)> <Delay = 7.30> <CoreInst = "m_axi">   --->   Core 113 'm_axi' <Latency = 0> <II = 1> <Delay = 1.00> <Adapter> <Opcode : 'read' 'write' 'readreq' 'writereq' 'writeresp'>
ST_2 : Operation 28 [1/1] (2.47ns)   --->   "%icmp_ln84 = icmp_ugt  i32 %x_load, i32 919" [Vitis_Accel_Examples/cpp_kernels/critical_path/src/apply_watermark.cpp:84]   --->   Operation 28 'icmp' 'icmp_ln84' <Predicate = (!icmp_ln78)> <Delay = 2.47> <CoreInst = "Cmp">   --->   Core 9 'Cmp' <Latency = 0> <II = 1> <Delay = 2.47> <FuncUnit> <Opcode : 'icmp'> <InPorts = 2> <OutPorts = 1>
ST_2 : Operation 29 [1/1] (2.55ns)   --->   "%x_1 = add i32 %x_load, i32 4294966376" [Vitis_Accel_Examples/cpp_kernels/critical_path/src/apply_watermark.cpp:85]   --->   Operation 29 'add' 'x_1' <Predicate = (!icmp_ln78)> <Delay = 2.55> <CoreInst = "Adder">   --->   Core 1 'Adder' <Latency = 0> <II = 1> <Delay = 2.55> <FuncUnit> <Opcode : 'add' 'sub'> <InPorts = 2> <OutPorts = 1>
ST_2 : Operation 30 [1/1] (0.69ns)   --->   "%x_2 = select i1 %icmp_ln84, i32 %x_1, i32 %x_load" [Vitis_Accel_Examples/cpp_kernels/critical_path/src/apply_watermark.cpp:84]   --->   Operation 30 'select' 'x_2' <Predicate = (!icmp_ln78)> <Delay = 0.69> <CoreInst = "Sel">   --->   Core 73 'Sel' <Latency = 0> <II = 1> <Delay = 0.69> <FuncUnit> <Opcode : 'select'> <InPorts = 3> <OutPorts = 1>
ST_2 : Operation 43 [1/1] (0.00ns)   --->   "%ret_ln0 = ret"   --->   Operation 43 'ret' 'ret_ln0' <Predicate = (icmp_ln78)> <Delay = 0.00>

State 3 <SV = 2> <Delay = 6.88>
ST_3 : Operation 31 [1/1] (0.00ns)   --->   "%y_load = load i32 %y" [Vitis_Accel_Examples/cpp_kernels/critical_path/src/apply_watermark.cpp:86]   --->   Operation 31 'load' 'y_load' <Predicate = true> <Delay = 0.00>
ST_3 : Operation 32 [1/1] (0.00ns)   --->   "%speclooptripcount_ln79 = speclooptripcount void @_ssdm_op_SpecLoopTripCount, i64 31568, i64 31568, i64 31568" [Vitis_Accel_Examples/cpp_kernels/critical_path/src/apply_watermark.cpp:79]   --->   Operation 32 'speclooptripcount' 'speclooptripcount_ln79' <Predicate = true> <Delay = 0.00>
ST_3 : Operation 33 [1/1] (0.00ns)   --->   "%specloopname_ln78 = specloopname void @_ssdm_op_SpecLoopName, void @empty_7" [Vitis_Accel_Examples/cpp_kernels/critical_path/src/apply_watermark.cpp:78]   --->   Operation 33 'specloopname' 'specloopname_ln78' <Predicate = true> <Delay = 0.00>
ST_3 : Operation 34 [1/1] (3.63ns)   --->   "%write_ln174 = write void @_ssdm_op_Write.ap_fifo.volatile.i512P0A, i512 %inStream, i512 %gmem0_addr_read" [/tools/software/xilinx/Vitis_HLS/2022.1/common/technology/autopilot/hls_stream_39.h:174]   --->   Operation 34 'write' 'write_ln174' <Predicate = true> <Delay = 3.63> <CoreInst = "FIFO_SRL">   --->   Core 81 'FIFO_SRL' <Latency = 0> <II = 1> <Delay = 3.63> <Storage> <Opcode : 'read' 'write' 'nbread' 'nbwrite'> <Ports = 0> <Width = 512> <Depth = 2> <FIFO>
ST_3 : Operation 35 [1/1] (2.55ns)   --->   "%y_1 = add i32 %y_load, i32 1" [Vitis_Accel_Examples/cpp_kernels/critical_path/src/apply_watermark.cpp:86]   --->   Operation 35 'add' 'y_1' <Predicate = (icmp_ln84)> <Delay = 2.55> <CoreInst = "Adder">   --->   Core 1 'Adder' <Latency = 0> <II = 1> <Delay = 2.55> <FuncUnit> <Opcode : 'add' 'sub'> <InPorts = 2> <OutPorts = 1>
ST_3 : Operation 36 [1/1] (0.69ns)   --->   "%y_2 = select i1 %icmp_ln84, i32 %y_1, i32 %y_load" [Vitis_Accel_Examples/cpp_kernels/critical_path/src/apply_watermark.cpp:84]   --->   Operation 36 'select' 'y_2' <Predicate = true> <Delay = 0.69> <CoreInst = "Sel">   --->   Core 73 'Sel' <Latency = 0> <II = 1> <Delay = 0.69> <FuncUnit> <Opcode : 'select'> <InPorts = 3> <OutPorts = 1>
ST_3 : Operation 37 [1/1] (3.63ns)   --->   "%write_ln174 = write void @_ssdm_op_Write.ap_fifo.volatile.i32P0A, i32 %xStream, i32 %x_2" [/tools/software/xilinx/Vitis_HLS/2022.1/common/technology/autopilot/hls_stream_39.h:174]   --->   Operation 37 'write' 'write_ln174' <Predicate = true> <Delay = 3.63> <CoreInst = "FIFO_SRL">   --->   Core 81 'FIFO_SRL' <Latency = 0> <II = 1> <Delay = 3.63> <Storage> <Opcode : 'read' 'write' 'nbread' 'nbwrite'> <Ports = 0> <Width = 32> <Depth = 2> <FIFO>
ST_3 : Operation 38 [1/1] (3.63ns)   --->   "%write_ln174 = write void @_ssdm_op_Write.ap_fifo.volatile.i32P0A, i32 %yStream, i32 %y_2" [/tools/software/xilinx/Vitis_HLS/2022.1/common/technology/autopilot/hls_stream_39.h:174]   --->   Operation 38 'write' 'write_ln174' <Predicate = true> <Delay = 3.63> <CoreInst = "FIFO_SRL">   --->   Core 81 'FIFO_SRL' <Latency = 0> <II = 1> <Delay = 3.63> <Storage> <Opcode : 'read' 'write' 'nbread' 'nbwrite'> <Ports = 0> <Width = 32> <Depth = 2> <FIFO>
ST_3 : Operation 39 [1/1] (2.55ns)   --->   "%x_3 = add i32 %x_2, i32 16" [Vitis_Accel_Examples/cpp_kernels/critical_path/src/apply_watermark.cpp:91]   --->   Operation 39 'add' 'x_3' <Predicate = true> <Delay = 2.55> <CoreInst = "Adder">   --->   Core 1 'Adder' <Latency = 0> <II = 1> <Delay = 2.55> <FuncUnit> <Opcode : 'add' 'sub'> <InPorts = 2> <OutPorts = 1>
ST_3 : Operation 40 [1/1] (1.58ns)   --->   "%store_ln78 = store i32 %x_3, i32 %x" [Vitis_Accel_Examples/cpp_kernels/critical_path/src/apply_watermark.cpp:78]   --->   Operation 40 'store' 'store_ln78' <Predicate = true> <Delay = 1.58>
ST_3 : Operation 41 [1/1] (1.58ns)   --->   "%store_ln78 = store i32 %y_2, i32 %y" [Vitis_Accel_Examples/cpp_kernels/critical_path/src/apply_watermark.cpp:78]   --->   Operation 41 'store' 'store_ln78' <Predicate = true> <Delay = 1.58>
ST_3 : Operation 42 [1/1] (0.00ns)   --->   "%br_ln78 = br void %for.body.i" [Vitis_Accel_Examples/cpp_kernels/critical_path/src/apply_watermark.cpp:78]   --->   Operation 42 'br' 'br_ln78' <Predicate = true> <Delay = 0.00>


============================================================
+ Verbose Summary: Timing violations
============================================================
Target clock period: 10ns, clock uncertainty: 2.7ns.

 <State 1>: 3.91ns
The critical path consists of the following:
	'alloca' operation ('idx') [8]  (0 ns)
	'load' operation ('idx', Vitis_Accel_Examples/cpp_kernels/critical_path/src/apply_watermark.cpp:78) on local variable 'idx' [20]  (0 ns)
	'add' operation ('add_ln78', Vitis_Accel_Examples/cpp_kernels/critical_path/src/apply_watermark.cpp:78) [24]  (1.94 ns)
	'store' operation ('store_ln78', Vitis_Accel_Examples/cpp_kernels/critical_path/src/apply_watermark.cpp:78) of variable 'add_ln78', Vitis_Accel_Examples/cpp_kernels/critical_path/src/apply_watermark.cpp:78 on local variable 'idx' [41]  (1.59 ns)
	blocking operation 0.375 ns on control path)

 <State 2>: 7.3ns
The critical path consists of the following:
	'getelementptr' operation ('gmem0_addr', Vitis_Accel_Examples/cpp_kernels/critical_path/src/apply_watermark.cpp:78) [21]  (0 ns)
	bus read operation ('gmem0_addr_read', /tools/software/xilinx/Vitis_HLS/2022.1/common/technology/autopilot/hls_stream_39.h:174) on port 'gmem0' (/tools/software/xilinx/Vitis_HLS/2022.1/common/technology/autopilot/hls_stream_39.h:174) [31]  (7.3 ns)

 <State 3>: 6.88ns
The critical path consists of the following:
	'load' operation ('y_load', Vitis_Accel_Examples/cpp_kernels/critical_path/src/apply_watermark.cpp:86) on local variable 'y' [27]  (0 ns)
	'add' operation ('y', Vitis_Accel_Examples/cpp_kernels/critical_path/src/apply_watermark.cpp:86) [35]  (2.55 ns)
	'select' operation ('y', Vitis_Accel_Examples/cpp_kernels/critical_path/src/apply_watermark.cpp:84) [36]  (0.698 ns)
	fifo write operation ('write_ln174', /tools/software/xilinx/Vitis_HLS/2022.1/common/technology/autopilot/hls_stream_39.h:174) on port 'yStream' (/tools/software/xilinx/Vitis_HLS/2022.1/common/technology/autopilot/hls_stream_39.h:174) [39]  (3.63 ns)


============================================================
+ Verbose Summary: Binding
============================================================
N/A
* FSMD analyzer results:
  - Output states:
 - Input state : 
  - Chain level:
	State 1
	State 2
	State 3


============================================================
+ Verbose Summary: Datapath Resource usage 
============================================================
N/A
