

================================================================
== Vitis HLS Report for 'store_result'
================================================================
* Date:           Wed May  3 22:20:12 2023

* Version:        2022.1.2 (Build 3605665 on Fri Aug  5 22:52:02 MDT 2022)
* Project:        HLS_project_apply_watermark
* Solution:       solution1 (Vivado IP Flow Target)
* Product family: zynq
* Target device:  xc7z020-clg400-1


================================================================
== Performance Estimates
================================================================
+ Timing: 
    * Summary: 
    +--------+----------+----------+------------+
    |  Clock |  Target  | Estimated| Uncertainty|
    +--------+----------+----------+------------+
    |ap_clk  |  10.00 ns|  7.300 ns|     2.70 ns|
    +--------+----------+----------+------------+

+ Latency: 
    * Summary: 
    +---------+---------+----------+----------+-------+-------+---------+
    |  Latency (cycles) |  Latency (absolute) |    Interval   | Pipeline|
    |   min   |   max   |    min   |    max   |  min  |  max  |   Type  |
    +---------+---------+----------+----------+-------+-------+---------+
    |    31642|    31642|  0.316 ms|  0.316 ms|  31642|  31642|       no|
    +---------+---------+----------+----------+-------+-------+---------+

    + Detail: 
        * Instance: 
        N/A

        * Loop: 
        N/A

============================================================
+ Verbose Summary: Synthesis Manager
============================================================
InlineROM: 1
ExposeGlobal: 0
============================================================
+ Verbose Summary: CDFG Model
============================================================
IsTopModel: 0
ResetActiveHigh: 1
IsCombinational: 2
IsDatapathOnly: 0
HasWiredReturn: 1
HasMFsm: 0
HasVarLatency: 1
IsPipeline: 0
IsRtlPipelined: 0
IsInstanceOverlapped: 0
IsDontTouch: 0
HasImplIP: 0
IsGatedGlobalClock: 0


============================================================
+ Verbose Summary: Schedule
============================================================
* Number of FSM states : 72
* Pipeline : 0
* Dataflow Pipeline: 0

* FSM state transitions: 
1 --> 2 
2 --> 3 
3 --> 4 
4 --> 5 
5 --> 6 
6 --> 7 
7 --> 8 
8 --> 9 
9 --> 10 
10 --> 11 
11 --> 12 
12 --> 13 
13 --> 14 
14 --> 15 
15 --> 16 
16 --> 17 
17 --> 18 
18 --> 19 
19 --> 20 
20 --> 21 
21 --> 22 
22 --> 23 
23 --> 24 
24 --> 25 
25 --> 26 
26 --> 27 
27 --> 28 
28 --> 29 
29 --> 30 
30 --> 31 
31 --> 32 
32 --> 33 
33 --> 34 
34 --> 35 
35 --> 36 
36 --> 37 
37 --> 38 
38 --> 39 
39 --> 40 
40 --> 41 
41 --> 42 
42 --> 43 
43 --> 44 
44 --> 45 
45 --> 46 
46 --> 47 
47 --> 48 
48 --> 49 
49 --> 50 
50 --> 51 
51 --> 52 
52 --> 53 
53 --> 54 
54 --> 55 
55 --> 56 
56 --> 57 
57 --> 58 
58 --> 59 
59 --> 60 
60 --> 61 
61 --> 62 
62 --> 63 
63 --> 64 
64 --> 65 
65 --> 66 
66 --> 67 
67 --> 68 
68 --> 69 
69 --> 70 
70 --> 71 
71 --> 72 
72 --> 

* FSM state operations: 

State 1 <SV = 0> <Delay = 3.63>
ST_1 : Operation 73 [1/1] (3.63ns)   --->   "%out_read = read i64 @_ssdm_op_Read.ap_fifo.i64P0A, i64 %out_r" [Vitis_Accel_Examples/cpp_kernels/critical_path/src/apply_watermark.cpp:136]   --->   Operation 73 'read' 'out_read' <Predicate = true> <Delay = 3.63> <CoreInst = "FIFO_SRL">   --->   Core 81 'FIFO_SRL' <Latency = 0> <II = 1> <Delay = 3.63> <Storage> <Opcode : 'read' 'write' 'nbread' 'nbwrite'> <Ports = 0> <Width = 64> <Depth = 4> <FIFO>
ST_1 : Operation 74 [1/1] (0.00ns)   --->   "%trunc_ln = partselect i58 @_ssdm_op_PartSelect.i58.i64.i32.i32, i64 %out_read, i32 6, i32 63" [Vitis_Accel_Examples/cpp_kernels/critical_path/src/apply_watermark.cpp:139]   --->   Operation 74 'partselect' 'trunc_ln' <Predicate = true> <Delay = 0.00>

State 2 <SV = 1> <Delay = 7.30>
ST_2 : Operation 75 [1/1] (0.00ns)   --->   "%sext_ln139 = sext i58 %trunc_ln" [Vitis_Accel_Examples/cpp_kernels/critical_path/src/apply_watermark.cpp:139]   --->   Operation 75 'sext' 'sext_ln139' <Predicate = true> <Delay = 0.00>
ST_2 : Operation 76 [1/1] (0.00ns)   --->   "%gmem1_addr = getelementptr i512 %gmem1, i64 %sext_ln139" [Vitis_Accel_Examples/cpp_kernels/critical_path/src/apply_watermark.cpp:139]   --->   Operation 76 'getelementptr' 'gmem1_addr' <Predicate = true> <Delay = 0.00>
ST_2 : Operation 77 [1/1] (7.30ns)   --->   "%empty = writereq i1 @_ssdm_op_WriteReq.m_axi.p1i512, i512 %gmem1_addr, i32 31568" [Vitis_Accel_Examples/cpp_kernels/critical_path/src/apply_watermark.cpp:139]   --->   Operation 77 'writereq' 'empty' <Predicate = true> <Delay = 7.30> <CoreInst = "m_axi">   --->   Core 113 'm_axi' <Latency = 0> <II = 1> <Delay = 1.00> <Adapter> <Opcode : 'read' 'write' 'readreq' 'writereq' 'writeresp'>

State 3 <SV = 2> <Delay = 0.00>
ST_3 : Operation 78 [1/1] (0.00ns)   --->   "%empty_29 = wait i32 @_ssdm_op_Wait"   --->   Operation 78 'wait' 'empty_29' <Predicate = true> <Delay = 0.00>
ST_3 : Operation 79 [2/2] (0.00ns)   --->   "%call_ln139 = call void @store_result_Pipeline_mem_wr, i512 %gmem1, i58 %trunc_ln, i512 %outStream" [Vitis_Accel_Examples/cpp_kernels/critical_path/src/apply_watermark.cpp:139]   --->   Operation 79 'call' 'call_ln139' <Predicate = true> <Delay = 0.00> <CoreType = "Generic">   --->   Core 0 '' <Latency = 0> <II = 1> <Delay = 1.00> <Generic> <Opcode : >

State 4 <SV = 3> <Delay = 0.00>
ST_4 : Operation 80 [1/2] (0.00ns)   --->   "%call_ln139 = call void @store_result_Pipeline_mem_wr, i512 %gmem1, i58 %trunc_ln, i512 %outStream" [Vitis_Accel_Examples/cpp_kernels/critical_path/src/apply_watermark.cpp:139]   --->   Operation 80 'call' 'call_ln139' <Predicate = true> <Delay = 0.00> <CoreType = "Generic">   --->   Core 0 '' <Latency = 0> <II = 1> <Delay = 1.00> <Generic> <Opcode : >

State 5 <SV = 4> <Delay = 7.30>
ST_5 : Operation 81 [68/68] (7.30ns)   --->   "%empty_30 = writeresp i1 @_ssdm_op_WriteResp.m_axi.p1i512, i512 %gmem1_addr" [Vitis_Accel_Examples/cpp_kernels/critical_path/src/apply_watermark.cpp:144]   --->   Operation 81 'writeresp' 'empty_30' <Predicate = true> <Delay = 7.30> <CoreInst = "m_axi">   --->   Core 113 'm_axi' <Latency = 0> <II = 1> <Delay = 1.00> <Adapter> <Opcode : 'read' 'write' 'readreq' 'writereq' 'writeresp'>

State 6 <SV = 5> <Delay = 7.30>
ST_6 : Operation 82 [67/68] (7.30ns)   --->   "%empty_30 = writeresp i1 @_ssdm_op_WriteResp.m_axi.p1i512, i512 %gmem1_addr" [Vitis_Accel_Examples/cpp_kernels/critical_path/src/apply_watermark.cpp:144]   --->   Operation 82 'writeresp' 'empty_30' <Predicate = true> <Delay = 7.30> <CoreInst = "m_axi">   --->   Core 113 'm_axi' <Latency = 0> <II = 1> <Delay = 1.00> <Adapter> <Opcode : 'read' 'write' 'readreq' 'writereq' 'writeresp'>

State 7 <SV = 6> <Delay = 7.30>
ST_7 : Operation 83 [66/68] (7.30ns)   --->   "%empty_30 = writeresp i1 @_ssdm_op_WriteResp.m_axi.p1i512, i512 %gmem1_addr" [Vitis_Accel_Examples/cpp_kernels/critical_path/src/apply_watermark.cpp:144]   --->   Operation 83 'writeresp' 'empty_30' <Predicate = true> <Delay = 7.30> <CoreInst = "m_axi">   --->   Core 113 'm_axi' <Latency = 0> <II = 1> <Delay = 1.00> <Adapter> <Opcode : 'read' 'write' 'readreq' 'writereq' 'writeresp'>

State 8 <SV = 7> <Delay = 7.30>
ST_8 : Operation 84 [65/68] (7.30ns)   --->   "%empty_30 = writeresp i1 @_ssdm_op_WriteResp.m_axi.p1i512, i512 %gmem1_addr" [Vitis_Accel_Examples/cpp_kernels/critical_path/src/apply_watermark.cpp:144]   --->   Operation 84 'writeresp' 'empty_30' <Predicate = true> <Delay = 7.30> <CoreInst = "m_axi">   --->   Core 113 'm_axi' <Latency = 0> <II = 1> <Delay = 1.00> <Adapter> <Opcode : 'read' 'write' 'readreq' 'writereq' 'writeresp'>

State 9 <SV = 8> <Delay = 7.30>
ST_9 : Operation 85 [64/68] (7.30ns)   --->   "%empty_30 = writeresp i1 @_ssdm_op_WriteResp.m_axi.p1i512, i512 %gmem1_addr" [Vitis_Accel_Examples/cpp_kernels/critical_path/src/apply_watermark.cpp:144]   --->   Operation 85 'writeresp' 'empty_30' <Predicate = true> <Delay = 7.30> <CoreInst = "m_axi">   --->   Core 113 'm_axi' <Latency = 0> <II = 1> <Delay = 1.00> <Adapter> <Opcode : 'read' 'write' 'readreq' 'writereq' 'writeresp'>

State 10 <SV = 9> <Delay = 7.30>
ST_10 : Operation 86 [63/68] (7.30ns)   --->   "%empty_30 = writeresp i1 @_ssdm_op_WriteResp.m_axi.p1i512, i512 %gmem1_addr" [Vitis_Accel_Examples/cpp_kernels/critical_path/src/apply_watermark.cpp:144]   --->   Operation 86 'writeresp' 'empty_30' <Predicate = true> <Delay = 7.30> <CoreInst = "m_axi">   --->   Core 113 'm_axi' <Latency = 0> <II = 1> <Delay = 1.00> <Adapter> <Opcode : 'read' 'write' 'readreq' 'writereq' 'writeresp'>

State 11 <SV = 10> <Delay = 7.30>
ST_11 : Operation 87 [62/68] (7.30ns)   --->   "%empty_30 = writeresp i1 @_ssdm_op_WriteResp.m_axi.p1i512, i512 %gmem1_addr" [Vitis_Accel_Examples/cpp_kernels/critical_path/src/apply_watermark.cpp:144]   --->   Operation 87 'writeresp' 'empty_30' <Predicate = true> <Delay = 7.30> <CoreInst = "m_axi">   --->   Core 113 'm_axi' <Latency = 0> <II = 1> <Delay = 1.00> <Adapter> <Opcode : 'read' 'write' 'readreq' 'writereq' 'writeresp'>

State 12 <SV = 11> <Delay = 7.30>
ST_12 : Operation 88 [61/68] (7.30ns)   --->   "%empty_30 = writeresp i1 @_ssdm_op_WriteResp.m_axi.p1i512, i512 %gmem1_addr" [Vitis_Accel_Examples/cpp_kernels/critical_path/src/apply_watermark.cpp:144]   --->   Operation 88 'writeresp' 'empty_30' <Predicate = true> <Delay = 7.30> <CoreInst = "m_axi">   --->   Core 113 'm_axi' <Latency = 0> <II = 1> <Delay = 1.00> <Adapter> <Opcode : 'read' 'write' 'readreq' 'writereq' 'writeresp'>

State 13 <SV = 12> <Delay = 7.30>
ST_13 : Operation 89 [60/68] (7.30ns)   --->   "%empty_30 = writeresp i1 @_ssdm_op_WriteResp.m_axi.p1i512, i512 %gmem1_addr" [Vitis_Accel_Examples/cpp_kernels/critical_path/src/apply_watermark.cpp:144]   --->   Operation 89 'writeresp' 'empty_30' <Predicate = true> <Delay = 7.30> <CoreInst = "m_axi">   --->   Core 113 'm_axi' <Latency = 0> <II = 1> <Delay = 1.00> <Adapter> <Opcode : 'read' 'write' 'readreq' 'writereq' 'writeresp'>

State 14 <SV = 13> <Delay = 7.30>
ST_14 : Operation 90 [59/68] (7.30ns)   --->   "%empty_30 = writeresp i1 @_ssdm_op_WriteResp.m_axi.p1i512, i512 %gmem1_addr" [Vitis_Accel_Examples/cpp_kernels/critical_path/src/apply_watermark.cpp:144]   --->   Operation 90 'writeresp' 'empty_30' <Predicate = true> <Delay = 7.30> <CoreInst = "m_axi">   --->   Core 113 'm_axi' <Latency = 0> <II = 1> <Delay = 1.00> <Adapter> <Opcode : 'read' 'write' 'readreq' 'writereq' 'writeresp'>

State 15 <SV = 14> <Delay = 7.30>
ST_15 : Operation 91 [58/68] (7.30ns)   --->   "%empty_30 = writeresp i1 @_ssdm_op_WriteResp.m_axi.p1i512, i512 %gmem1_addr" [Vitis_Accel_Examples/cpp_kernels/critical_path/src/apply_watermark.cpp:144]   --->   Operation 91 'writeresp' 'empty_30' <Predicate = true> <Delay = 7.30> <CoreInst = "m_axi">   --->   Core 113 'm_axi' <Latency = 0> <II = 1> <Delay = 1.00> <Adapter> <Opcode : 'read' 'write' 'readreq' 'writereq' 'writeresp'>

State 16 <SV = 15> <Delay = 7.30>
ST_16 : Operation 92 [57/68] (7.30ns)   --->   "%empty_30 = writeresp i1 @_ssdm_op_WriteResp.m_axi.p1i512, i512 %gmem1_addr" [Vitis_Accel_Examples/cpp_kernels/critical_path/src/apply_watermark.cpp:144]   --->   Operation 92 'writeresp' 'empty_30' <Predicate = true> <Delay = 7.30> <CoreInst = "m_axi">   --->   Core 113 'm_axi' <Latency = 0> <II = 1> <Delay = 1.00> <Adapter> <Opcode : 'read' 'write' 'readreq' 'writereq' 'writeresp'>

State 17 <SV = 16> <Delay = 7.30>
ST_17 : Operation 93 [56/68] (7.30ns)   --->   "%empty_30 = writeresp i1 @_ssdm_op_WriteResp.m_axi.p1i512, i512 %gmem1_addr" [Vitis_Accel_Examples/cpp_kernels/critical_path/src/apply_watermark.cpp:144]   --->   Operation 93 'writeresp' 'empty_30' <Predicate = true> <Delay = 7.30> <CoreInst = "m_axi">   --->   Core 113 'm_axi' <Latency = 0> <II = 1> <Delay = 1.00> <Adapter> <Opcode : 'read' 'write' 'readreq' 'writereq' 'writeresp'>

State 18 <SV = 17> <Delay = 7.30>
ST_18 : Operation 94 [55/68] (7.30ns)   --->   "%empty_30 = writeresp i1 @_ssdm_op_WriteResp.m_axi.p1i512, i512 %gmem1_addr" [Vitis_Accel_Examples/cpp_kernels/critical_path/src/apply_watermark.cpp:144]   --->   Operation 94 'writeresp' 'empty_30' <Predicate = true> <Delay = 7.30> <CoreInst = "m_axi">   --->   Core 113 'm_axi' <Latency = 0> <II = 1> <Delay = 1.00> <Adapter> <Opcode : 'read' 'write' 'readreq' 'writereq' 'writeresp'>

State 19 <SV = 18> <Delay = 7.30>
ST_19 : Operation 95 [54/68] (7.30ns)   --->   "%empty_30 = writeresp i1 @_ssdm_op_WriteResp.m_axi.p1i512, i512 %gmem1_addr" [Vitis_Accel_Examples/cpp_kernels/critical_path/src/apply_watermark.cpp:144]   --->   Operation 95 'writeresp' 'empty_30' <Predicate = true> <Delay = 7.30> <CoreInst = "m_axi">   --->   Core 113 'm_axi' <Latency = 0> <II = 1> <Delay = 1.00> <Adapter> <Opcode : 'read' 'write' 'readreq' 'writereq' 'writeresp'>

State 20 <SV = 19> <Delay = 7.30>
ST_20 : Operation 96 [53/68] (7.30ns)   --->   "%empty_30 = writeresp i1 @_ssdm_op_WriteResp.m_axi.p1i512, i512 %gmem1_addr" [Vitis_Accel_Examples/cpp_kernels/critical_path/src/apply_watermark.cpp:144]   --->   Operation 96 'writeresp' 'empty_30' <Predicate = true> <Delay = 7.30> <CoreInst = "m_axi">   --->   Core 113 'm_axi' <Latency = 0> <II = 1> <Delay = 1.00> <Adapter> <Opcode : 'read' 'write' 'readreq' 'writereq' 'writeresp'>

State 21 <SV = 20> <Delay = 7.30>
ST_21 : Operation 97 [52/68] (7.30ns)   --->   "%empty_30 = writeresp i1 @_ssdm_op_WriteResp.m_axi.p1i512, i512 %gmem1_addr" [Vitis_Accel_Examples/cpp_kernels/critical_path/src/apply_watermark.cpp:144]   --->   Operation 97 'writeresp' 'empty_30' <Predicate = true> <Delay = 7.30> <CoreInst = "m_axi">   --->   Core 113 'm_axi' <Latency = 0> <II = 1> <Delay = 1.00> <Adapter> <Opcode : 'read' 'write' 'readreq' 'writereq' 'writeresp'>

State 22 <SV = 21> <Delay = 7.30>
ST_22 : Operation 98 [51/68] (7.30ns)   --->   "%empty_30 = writeresp i1 @_ssdm_op_WriteResp.m_axi.p1i512, i512 %gmem1_addr" [Vitis_Accel_Examples/cpp_kernels/critical_path/src/apply_watermark.cpp:144]   --->   Operation 98 'writeresp' 'empty_30' <Predicate = true> <Delay = 7.30> <CoreInst = "m_axi">   --->   Core 113 'm_axi' <Latency = 0> <II = 1> <Delay = 1.00> <Adapter> <Opcode : 'read' 'write' 'readreq' 'writereq' 'writeresp'>

State 23 <SV = 22> <Delay = 7.30>
ST_23 : Operation 99 [50/68] (7.30ns)   --->   "%empty_30 = writeresp i1 @_ssdm_op_WriteResp.m_axi.p1i512, i512 %gmem1_addr" [Vitis_Accel_Examples/cpp_kernels/critical_path/src/apply_watermark.cpp:144]   --->   Operation 99 'writeresp' 'empty_30' <Predicate = true> <Delay = 7.30> <CoreInst = "m_axi">   --->   Core 113 'm_axi' <Latency = 0> <II = 1> <Delay = 1.00> <Adapter> <Opcode : 'read' 'write' 'readreq' 'writereq' 'writeresp'>

State 24 <SV = 23> <Delay = 7.30>
ST_24 : Operation 100 [49/68] (7.30ns)   --->   "%empty_30 = writeresp i1 @_ssdm_op_WriteResp.m_axi.p1i512, i512 %gmem1_addr" [Vitis_Accel_Examples/cpp_kernels/critical_path/src/apply_watermark.cpp:144]   --->   Operation 100 'writeresp' 'empty_30' <Predicate = true> <Delay = 7.30> <CoreInst = "m_axi">   --->   Core 113 'm_axi' <Latency = 0> <II = 1> <Delay = 1.00> <Adapter> <Opcode : 'read' 'write' 'readreq' 'writereq' 'writeresp'>

State 25 <SV = 24> <Delay = 7.30>
ST_25 : Operation 101 [48/68] (7.30ns)   --->   "%empty_30 = writeresp i1 @_ssdm_op_WriteResp.m_axi.p1i512, i512 %gmem1_addr" [Vitis_Accel_Examples/cpp_kernels/critical_path/src/apply_watermark.cpp:144]   --->   Operation 101 'writeresp' 'empty_30' <Predicate = true> <Delay = 7.30> <CoreInst = "m_axi">   --->   Core 113 'm_axi' <Latency = 0> <II = 1> <Delay = 1.00> <Adapter> <Opcode : 'read' 'write' 'readreq' 'writereq' 'writeresp'>

State 26 <SV = 25> <Delay = 7.30>
ST_26 : Operation 102 [47/68] (7.30ns)   --->   "%empty_30 = writeresp i1 @_ssdm_op_WriteResp.m_axi.p1i512, i512 %gmem1_addr" [Vitis_Accel_Examples/cpp_kernels/critical_path/src/apply_watermark.cpp:144]   --->   Operation 102 'writeresp' 'empty_30' <Predicate = true> <Delay = 7.30> <CoreInst = "m_axi">   --->   Core 113 'm_axi' <Latency = 0> <II = 1> <Delay = 1.00> <Adapter> <Opcode : 'read' 'write' 'readreq' 'writereq' 'writeresp'>

State 27 <SV = 26> <Delay = 7.30>
ST_27 : Operation 103 [46/68] (7.30ns)   --->   "%empty_30 = writeresp i1 @_ssdm_op_WriteResp.m_axi.p1i512, i512 %gmem1_addr" [Vitis_Accel_Examples/cpp_kernels/critical_path/src/apply_watermark.cpp:144]   --->   Operation 103 'writeresp' 'empty_30' <Predicate = true> <Delay = 7.30> <CoreInst = "m_axi">   --->   Core 113 'm_axi' <Latency = 0> <II = 1> <Delay = 1.00> <Adapter> <Opcode : 'read' 'write' 'readreq' 'writereq' 'writeresp'>

State 28 <SV = 27> <Delay = 7.30>
ST_28 : Operation 104 [45/68] (7.30ns)   --->   "%empty_30 = writeresp i1 @_ssdm_op_WriteResp.m_axi.p1i512, i512 %gmem1_addr" [Vitis_Accel_Examples/cpp_kernels/critical_path/src/apply_watermark.cpp:144]   --->   Operation 104 'writeresp' 'empty_30' <Predicate = true> <Delay = 7.30> <CoreInst = "m_axi">   --->   Core 113 'm_axi' <Latency = 0> <II = 1> <Delay = 1.00> <Adapter> <Opcode : 'read' 'write' 'readreq' 'writereq' 'writeresp'>

State 29 <SV = 28> <Delay = 7.30>
ST_29 : Operation 105 [44/68] (7.30ns)   --->   "%empty_30 = writeresp i1 @_ssdm_op_WriteResp.m_axi.p1i512, i512 %gmem1_addr" [Vitis_Accel_Examples/cpp_kernels/critical_path/src/apply_watermark.cpp:144]   --->   Operation 105 'writeresp' 'empty_30' <Predicate = true> <Delay = 7.30> <CoreInst = "m_axi">   --->   Core 113 'm_axi' <Latency = 0> <II = 1> <Delay = 1.00> <Adapter> <Opcode : 'read' 'write' 'readreq' 'writereq' 'writeresp'>

State 30 <SV = 29> <Delay = 7.30>
ST_30 : Operation 106 [43/68] (7.30ns)   --->   "%empty_30 = writeresp i1 @_ssdm_op_WriteResp.m_axi.p1i512, i512 %gmem1_addr" [Vitis_Accel_Examples/cpp_kernels/critical_path/src/apply_watermark.cpp:144]   --->   Operation 106 'writeresp' 'empty_30' <Predicate = true> <Delay = 7.30> <CoreInst = "m_axi">   --->   Core 113 'm_axi' <Latency = 0> <II = 1> <Delay = 1.00> <Adapter> <Opcode : 'read' 'write' 'readreq' 'writereq' 'writeresp'>

State 31 <SV = 30> <Delay = 7.30>
ST_31 : Operation 107 [42/68] (7.30ns)   --->   "%empty_30 = writeresp i1 @_ssdm_op_WriteResp.m_axi.p1i512, i512 %gmem1_addr" [Vitis_Accel_Examples/cpp_kernels/critical_path/src/apply_watermark.cpp:144]   --->   Operation 107 'writeresp' 'empty_30' <Predicate = true> <Delay = 7.30> <CoreInst = "m_axi">   --->   Core 113 'm_axi' <Latency = 0> <II = 1> <Delay = 1.00> <Adapter> <Opcode : 'read' 'write' 'readreq' 'writereq' 'writeresp'>

State 32 <SV = 31> <Delay = 7.30>
ST_32 : Operation 108 [41/68] (7.30ns)   --->   "%empty_30 = writeresp i1 @_ssdm_op_WriteResp.m_axi.p1i512, i512 %gmem1_addr" [Vitis_Accel_Examples/cpp_kernels/critical_path/src/apply_watermark.cpp:144]   --->   Operation 108 'writeresp' 'empty_30' <Predicate = true> <Delay = 7.30> <CoreInst = "m_axi">   --->   Core 113 'm_axi' <Latency = 0> <II = 1> <Delay = 1.00> <Adapter> <Opcode : 'read' 'write' 'readreq' 'writereq' 'writeresp'>

State 33 <SV = 32> <Delay = 7.30>
ST_33 : Operation 109 [40/68] (7.30ns)   --->   "%empty_30 = writeresp i1 @_ssdm_op_WriteResp.m_axi.p1i512, i512 %gmem1_addr" [Vitis_Accel_Examples/cpp_kernels/critical_path/src/apply_watermark.cpp:144]   --->   Operation 109 'writeresp' 'empty_30' <Predicate = true> <Delay = 7.30> <CoreInst = "m_axi">   --->   Core 113 'm_axi' <Latency = 0> <II = 1> <Delay = 1.00> <Adapter> <Opcode : 'read' 'write' 'readreq' 'writereq' 'writeresp'>

State 34 <SV = 33> <Delay = 7.30>
ST_34 : Operation 110 [39/68] (7.30ns)   --->   "%empty_30 = writeresp i1 @_ssdm_op_WriteResp.m_axi.p1i512, i512 %gmem1_addr" [Vitis_Accel_Examples/cpp_kernels/critical_path/src/apply_watermark.cpp:144]   --->   Operation 110 'writeresp' 'empty_30' <Predicate = true> <Delay = 7.30> <CoreInst = "m_axi">   --->   Core 113 'm_axi' <Latency = 0> <II = 1> <Delay = 1.00> <Adapter> <Opcode : 'read' 'write' 'readreq' 'writereq' 'writeresp'>

State 35 <SV = 34> <Delay = 7.30>
ST_35 : Operation 111 [38/68] (7.30ns)   --->   "%empty_30 = writeresp i1 @_ssdm_op_WriteResp.m_axi.p1i512, i512 %gmem1_addr" [Vitis_Accel_Examples/cpp_kernels/critical_path/src/apply_watermark.cpp:144]   --->   Operation 111 'writeresp' 'empty_30' <Predicate = true> <Delay = 7.30> <CoreInst = "m_axi">   --->   Core 113 'm_axi' <Latency = 0> <II = 1> <Delay = 1.00> <Adapter> <Opcode : 'read' 'write' 'readreq' 'writereq' 'writeresp'>

State 36 <SV = 35> <Delay = 7.30>
ST_36 : Operation 112 [37/68] (7.30ns)   --->   "%empty_30 = writeresp i1 @_ssdm_op_WriteResp.m_axi.p1i512, i512 %gmem1_addr" [Vitis_Accel_Examples/cpp_kernels/critical_path/src/apply_watermark.cpp:144]   --->   Operation 112 'writeresp' 'empty_30' <Predicate = true> <Delay = 7.30> <CoreInst = "m_axi">   --->   Core 113 'm_axi' <Latency = 0> <II = 1> <Delay = 1.00> <Adapter> <Opcode : 'read' 'write' 'readreq' 'writereq' 'writeresp'>

State 37 <SV = 36> <Delay = 7.30>
ST_37 : Operation 113 [36/68] (7.30ns)   --->   "%empty_30 = writeresp i1 @_ssdm_op_WriteResp.m_axi.p1i512, i512 %gmem1_addr" [Vitis_Accel_Examples/cpp_kernels/critical_path/src/apply_watermark.cpp:144]   --->   Operation 113 'writeresp' 'empty_30' <Predicate = true> <Delay = 7.30> <CoreInst = "m_axi">   --->   Core 113 'm_axi' <Latency = 0> <II = 1> <Delay = 1.00> <Adapter> <Opcode : 'read' 'write' 'readreq' 'writereq' 'writeresp'>

State 38 <SV = 37> <Delay = 7.30>
ST_38 : Operation 114 [35/68] (7.30ns)   --->   "%empty_30 = writeresp i1 @_ssdm_op_WriteResp.m_axi.p1i512, i512 %gmem1_addr" [Vitis_Accel_Examples/cpp_kernels/critical_path/src/apply_watermark.cpp:144]   --->   Operation 114 'writeresp' 'empty_30' <Predicate = true> <Delay = 7.30> <CoreInst = "m_axi">   --->   Core 113 'm_axi' <Latency = 0> <II = 1> <Delay = 1.00> <Adapter> <Opcode : 'read' 'write' 'readreq' 'writereq' 'writeresp'>

State 39 <SV = 38> <Delay = 7.30>
ST_39 : Operation 115 [34/68] (7.30ns)   --->   "%empty_30 = writeresp i1 @_ssdm_op_WriteResp.m_axi.p1i512, i512 %gmem1_addr" [Vitis_Accel_Examples/cpp_kernels/critical_path/src/apply_watermark.cpp:144]   --->   Operation 115 'writeresp' 'empty_30' <Predicate = true> <Delay = 7.30> <CoreInst = "m_axi">   --->   Core 113 'm_axi' <Latency = 0> <II = 1> <Delay = 1.00> <Adapter> <Opcode : 'read' 'write' 'readreq' 'writereq' 'writeresp'>

State 40 <SV = 39> <Delay = 7.30>
ST_40 : Operation 116 [33/68] (7.30ns)   --->   "%empty_30 = writeresp i1 @_ssdm_op_WriteResp.m_axi.p1i512, i512 %gmem1_addr" [Vitis_Accel_Examples/cpp_kernels/critical_path/src/apply_watermark.cpp:144]   --->   Operation 116 'writeresp' 'empty_30' <Predicate = true> <Delay = 7.30> <CoreInst = "m_axi">   --->   Core 113 'm_axi' <Latency = 0> <II = 1> <Delay = 1.00> <Adapter> <Opcode : 'read' 'write' 'readreq' 'writereq' 'writeresp'>

State 41 <SV = 40> <Delay = 7.30>
ST_41 : Operation 117 [32/68] (7.30ns)   --->   "%empty_30 = writeresp i1 @_ssdm_op_WriteResp.m_axi.p1i512, i512 %gmem1_addr" [Vitis_Accel_Examples/cpp_kernels/critical_path/src/apply_watermark.cpp:144]   --->   Operation 117 'writeresp' 'empty_30' <Predicate = true> <Delay = 7.30> <CoreInst = "m_axi">   --->   Core 113 'm_axi' <Latency = 0> <II = 1> <Delay = 1.00> <Adapter> <Opcode : 'read' 'write' 'readreq' 'writereq' 'writeresp'>

State 42 <SV = 41> <Delay = 7.30>
ST_42 : Operation 118 [31/68] (7.30ns)   --->   "%empty_30 = writeresp i1 @_ssdm_op_WriteResp.m_axi.p1i512, i512 %gmem1_addr" [Vitis_Accel_Examples/cpp_kernels/critical_path/src/apply_watermark.cpp:144]   --->   Operation 118 'writeresp' 'empty_30' <Predicate = true> <Delay = 7.30> <CoreInst = "m_axi">   --->   Core 113 'm_axi' <Latency = 0> <II = 1> <Delay = 1.00> <Adapter> <Opcode : 'read' 'write' 'readreq' 'writereq' 'writeresp'>

State 43 <SV = 42> <Delay = 7.30>
ST_43 : Operation 119 [30/68] (7.30ns)   --->   "%empty_30 = writeresp i1 @_ssdm_op_WriteResp.m_axi.p1i512, i512 %gmem1_addr" [Vitis_Accel_Examples/cpp_kernels/critical_path/src/apply_watermark.cpp:144]   --->   Operation 119 'writeresp' 'empty_30' <Predicate = true> <Delay = 7.30> <CoreInst = "m_axi">   --->   Core 113 'm_axi' <Latency = 0> <II = 1> <Delay = 1.00> <Adapter> <Opcode : 'read' 'write' 'readreq' 'writereq' 'writeresp'>

State 44 <SV = 43> <Delay = 7.30>
ST_44 : Operation 120 [29/68] (7.30ns)   --->   "%empty_30 = writeresp i1 @_ssdm_op_WriteResp.m_axi.p1i512, i512 %gmem1_addr" [Vitis_Accel_Examples/cpp_kernels/critical_path/src/apply_watermark.cpp:144]   --->   Operation 120 'writeresp' 'empty_30' <Predicate = true> <Delay = 7.30> <CoreInst = "m_axi">   --->   Core 113 'm_axi' <Latency = 0> <II = 1> <Delay = 1.00> <Adapter> <Opcode : 'read' 'write' 'readreq' 'writereq' 'writeresp'>

State 45 <SV = 44> <Delay = 7.30>
ST_45 : Operation 121 [28/68] (7.30ns)   --->   "%empty_30 = writeresp i1 @_ssdm_op_WriteResp.m_axi.p1i512, i512 %gmem1_addr" [Vitis_Accel_Examples/cpp_kernels/critical_path/src/apply_watermark.cpp:144]   --->   Operation 121 'writeresp' 'empty_30' <Predicate = true> <Delay = 7.30> <CoreInst = "m_axi">   --->   Core 113 'm_axi' <Latency = 0> <II = 1> <Delay = 1.00> <Adapter> <Opcode : 'read' 'write' 'readreq' 'writereq' 'writeresp'>

State 46 <SV = 45> <Delay = 7.30>
ST_46 : Operation 122 [27/68] (7.30ns)   --->   "%empty_30 = writeresp i1 @_ssdm_op_WriteResp.m_axi.p1i512, i512 %gmem1_addr" [Vitis_Accel_Examples/cpp_kernels/critical_path/src/apply_watermark.cpp:144]   --->   Operation 122 'writeresp' 'empty_30' <Predicate = true> <Delay = 7.30> <CoreInst = "m_axi">   --->   Core 113 'm_axi' <Latency = 0> <II = 1> <Delay = 1.00> <Adapter> <Opcode : 'read' 'write' 'readreq' 'writereq' 'writeresp'>

State 47 <SV = 46> <Delay = 7.30>
ST_47 : Operation 123 [26/68] (7.30ns)   --->   "%empty_30 = writeresp i1 @_ssdm_op_WriteResp.m_axi.p1i512, i512 %gmem1_addr" [Vitis_Accel_Examples/cpp_kernels/critical_path/src/apply_watermark.cpp:144]   --->   Operation 123 'writeresp' 'empty_30' <Predicate = true> <Delay = 7.30> <CoreInst = "m_axi">   --->   Core 113 'm_axi' <Latency = 0> <II = 1> <Delay = 1.00> <Adapter> <Opcode : 'read' 'write' 'readreq' 'writereq' 'writeresp'>

State 48 <SV = 47> <Delay = 7.30>
ST_48 : Operation 124 [25/68] (7.30ns)   --->   "%empty_30 = writeresp i1 @_ssdm_op_WriteResp.m_axi.p1i512, i512 %gmem1_addr" [Vitis_Accel_Examples/cpp_kernels/critical_path/src/apply_watermark.cpp:144]   --->   Operation 124 'writeresp' 'empty_30' <Predicate = true> <Delay = 7.30> <CoreInst = "m_axi">   --->   Core 113 'm_axi' <Latency = 0> <II = 1> <Delay = 1.00> <Adapter> <Opcode : 'read' 'write' 'readreq' 'writereq' 'writeresp'>

State 49 <SV = 48> <Delay = 7.30>
ST_49 : Operation 125 [24/68] (7.30ns)   --->   "%empty_30 = writeresp i1 @_ssdm_op_WriteResp.m_axi.p1i512, i512 %gmem1_addr" [Vitis_Accel_Examples/cpp_kernels/critical_path/src/apply_watermark.cpp:144]   --->   Operation 125 'writeresp' 'empty_30' <Predicate = true> <Delay = 7.30> <CoreInst = "m_axi">   --->   Core 113 'm_axi' <Latency = 0> <II = 1> <Delay = 1.00> <Adapter> <Opcode : 'read' 'write' 'readreq' 'writereq' 'writeresp'>

State 50 <SV = 49> <Delay = 7.30>
ST_50 : Operation 126 [23/68] (7.30ns)   --->   "%empty_30 = writeresp i1 @_ssdm_op_WriteResp.m_axi.p1i512, i512 %gmem1_addr" [Vitis_Accel_Examples/cpp_kernels/critical_path/src/apply_watermark.cpp:144]   --->   Operation 126 'writeresp' 'empty_30' <Predicate = true> <Delay = 7.30> <CoreInst = "m_axi">   --->   Core 113 'm_axi' <Latency = 0> <II = 1> <Delay = 1.00> <Adapter> <Opcode : 'read' 'write' 'readreq' 'writereq' 'writeresp'>

State 51 <SV = 50> <Delay = 7.30>
ST_51 : Operation 127 [22/68] (7.30ns)   --->   "%empty_30 = writeresp i1 @_ssdm_op_WriteResp.m_axi.p1i512, i512 %gmem1_addr" [Vitis_Accel_Examples/cpp_kernels/critical_path/src/apply_watermark.cpp:144]   --->   Operation 127 'writeresp' 'empty_30' <Predicate = true> <Delay = 7.30> <CoreInst = "m_axi">   --->   Core 113 'm_axi' <Latency = 0> <II = 1> <Delay = 1.00> <Adapter> <Opcode : 'read' 'write' 'readreq' 'writereq' 'writeresp'>

State 52 <SV = 51> <Delay = 7.30>
ST_52 : Operation 128 [21/68] (7.30ns)   --->   "%empty_30 = writeresp i1 @_ssdm_op_WriteResp.m_axi.p1i512, i512 %gmem1_addr" [Vitis_Accel_Examples/cpp_kernels/critical_path/src/apply_watermark.cpp:144]   --->   Operation 128 'writeresp' 'empty_30' <Predicate = true> <Delay = 7.30> <CoreInst = "m_axi">   --->   Core 113 'm_axi' <Latency = 0> <II = 1> <Delay = 1.00> <Adapter> <Opcode : 'read' 'write' 'readreq' 'writereq' 'writeresp'>

State 53 <SV = 52> <Delay = 7.30>
ST_53 : Operation 129 [20/68] (7.30ns)   --->   "%empty_30 = writeresp i1 @_ssdm_op_WriteResp.m_axi.p1i512, i512 %gmem1_addr" [Vitis_Accel_Examples/cpp_kernels/critical_path/src/apply_watermark.cpp:144]   --->   Operation 129 'writeresp' 'empty_30' <Predicate = true> <Delay = 7.30> <CoreInst = "m_axi">   --->   Core 113 'm_axi' <Latency = 0> <II = 1> <Delay = 1.00> <Adapter> <Opcode : 'read' 'write' 'readreq' 'writereq' 'writeresp'>

State 54 <SV = 53> <Delay = 7.30>
ST_54 : Operation 130 [19/68] (7.30ns)   --->   "%empty_30 = writeresp i1 @_ssdm_op_WriteResp.m_axi.p1i512, i512 %gmem1_addr" [Vitis_Accel_Examples/cpp_kernels/critical_path/src/apply_watermark.cpp:144]   --->   Operation 130 'writeresp' 'empty_30' <Predicate = true> <Delay = 7.30> <CoreInst = "m_axi">   --->   Core 113 'm_axi' <Latency = 0> <II = 1> <Delay = 1.00> <Adapter> <Opcode : 'read' 'write' 'readreq' 'writereq' 'writeresp'>

State 55 <SV = 54> <Delay = 7.30>
ST_55 : Operation 131 [18/68] (7.30ns)   --->   "%empty_30 = writeresp i1 @_ssdm_op_WriteResp.m_axi.p1i512, i512 %gmem1_addr" [Vitis_Accel_Examples/cpp_kernels/critical_path/src/apply_watermark.cpp:144]   --->   Operation 131 'writeresp' 'empty_30' <Predicate = true> <Delay = 7.30> <CoreInst = "m_axi">   --->   Core 113 'm_axi' <Latency = 0> <II = 1> <Delay = 1.00> <Adapter> <Opcode : 'read' 'write' 'readreq' 'writereq' 'writeresp'>

State 56 <SV = 55> <Delay = 7.30>
ST_56 : Operation 132 [17/68] (7.30ns)   --->   "%empty_30 = writeresp i1 @_ssdm_op_WriteResp.m_axi.p1i512, i512 %gmem1_addr" [Vitis_Accel_Examples/cpp_kernels/critical_path/src/apply_watermark.cpp:144]   --->   Operation 132 'writeresp' 'empty_30' <Predicate = true> <Delay = 7.30> <CoreInst = "m_axi">   --->   Core 113 'm_axi' <Latency = 0> <II = 1> <Delay = 1.00> <Adapter> <Opcode : 'read' 'write' 'readreq' 'writereq' 'writeresp'>

State 57 <SV = 56> <Delay = 7.30>
ST_57 : Operation 133 [16/68] (7.30ns)   --->   "%empty_30 = writeresp i1 @_ssdm_op_WriteResp.m_axi.p1i512, i512 %gmem1_addr" [Vitis_Accel_Examples/cpp_kernels/critical_path/src/apply_watermark.cpp:144]   --->   Operation 133 'writeresp' 'empty_30' <Predicate = true> <Delay = 7.30> <CoreInst = "m_axi">   --->   Core 113 'm_axi' <Latency = 0> <II = 1> <Delay = 1.00> <Adapter> <Opcode : 'read' 'write' 'readreq' 'writereq' 'writeresp'>

State 58 <SV = 57> <Delay = 7.30>
ST_58 : Operation 134 [15/68] (7.30ns)   --->   "%empty_30 = writeresp i1 @_ssdm_op_WriteResp.m_axi.p1i512, i512 %gmem1_addr" [Vitis_Accel_Examples/cpp_kernels/critical_path/src/apply_watermark.cpp:144]   --->   Operation 134 'writeresp' 'empty_30' <Predicate = true> <Delay = 7.30> <CoreInst = "m_axi">   --->   Core 113 'm_axi' <Latency = 0> <II = 1> <Delay = 1.00> <Adapter> <Opcode : 'read' 'write' 'readreq' 'writereq' 'writeresp'>

State 59 <SV = 58> <Delay = 7.30>
ST_59 : Operation 135 [14/68] (7.30ns)   --->   "%empty_30 = writeresp i1 @_ssdm_op_WriteResp.m_axi.p1i512, i512 %gmem1_addr" [Vitis_Accel_Examples/cpp_kernels/critical_path/src/apply_watermark.cpp:144]   --->   Operation 135 'writeresp' 'empty_30' <Predicate = true> <Delay = 7.30> <CoreInst = "m_axi">   --->   Core 113 'm_axi' <Latency = 0> <II = 1> <Delay = 1.00> <Adapter> <Opcode : 'read' 'write' 'readreq' 'writereq' 'writeresp'>

State 60 <SV = 59> <Delay = 7.30>
ST_60 : Operation 136 [13/68] (7.30ns)   --->   "%empty_30 = writeresp i1 @_ssdm_op_WriteResp.m_axi.p1i512, i512 %gmem1_addr" [Vitis_Accel_Examples/cpp_kernels/critical_path/src/apply_watermark.cpp:144]   --->   Operation 136 'writeresp' 'empty_30' <Predicate = true> <Delay = 7.30> <CoreInst = "m_axi">   --->   Core 113 'm_axi' <Latency = 0> <II = 1> <Delay = 1.00> <Adapter> <Opcode : 'read' 'write' 'readreq' 'writereq' 'writeresp'>

State 61 <SV = 60> <Delay = 7.30>
ST_61 : Operation 137 [12/68] (7.30ns)   --->   "%empty_30 = writeresp i1 @_ssdm_op_WriteResp.m_axi.p1i512, i512 %gmem1_addr" [Vitis_Accel_Examples/cpp_kernels/critical_path/src/apply_watermark.cpp:144]   --->   Operation 137 'writeresp' 'empty_30' <Predicate = true> <Delay = 7.30> <CoreInst = "m_axi">   --->   Core 113 'm_axi' <Latency = 0> <II = 1> <Delay = 1.00> <Adapter> <Opcode : 'read' 'write' 'readreq' 'writereq' 'writeresp'>

State 62 <SV = 61> <Delay = 7.30>
ST_62 : Operation 138 [11/68] (7.30ns)   --->   "%empty_30 = writeresp i1 @_ssdm_op_WriteResp.m_axi.p1i512, i512 %gmem1_addr" [Vitis_Accel_Examples/cpp_kernels/critical_path/src/apply_watermark.cpp:144]   --->   Operation 138 'writeresp' 'empty_30' <Predicate = true> <Delay = 7.30> <CoreInst = "m_axi">   --->   Core 113 'm_axi' <Latency = 0> <II = 1> <Delay = 1.00> <Adapter> <Opcode : 'read' 'write' 'readreq' 'writereq' 'writeresp'>

State 63 <SV = 62> <Delay = 7.30>
ST_63 : Operation 139 [10/68] (7.30ns)   --->   "%empty_30 = writeresp i1 @_ssdm_op_WriteResp.m_axi.p1i512, i512 %gmem1_addr" [Vitis_Accel_Examples/cpp_kernels/critical_path/src/apply_watermark.cpp:144]   --->   Operation 139 'writeresp' 'empty_30' <Predicate = true> <Delay = 7.30> <CoreInst = "m_axi">   --->   Core 113 'm_axi' <Latency = 0> <II = 1> <Delay = 1.00> <Adapter> <Opcode : 'read' 'write' 'readreq' 'writereq' 'writeresp'>

State 64 <SV = 63> <Delay = 7.30>
ST_64 : Operation 140 [9/68] (7.30ns)   --->   "%empty_30 = writeresp i1 @_ssdm_op_WriteResp.m_axi.p1i512, i512 %gmem1_addr" [Vitis_Accel_Examples/cpp_kernels/critical_path/src/apply_watermark.cpp:144]   --->   Operation 140 'writeresp' 'empty_30' <Predicate = true> <Delay = 7.30> <CoreInst = "m_axi">   --->   Core 113 'm_axi' <Latency = 0> <II = 1> <Delay = 1.00> <Adapter> <Opcode : 'read' 'write' 'readreq' 'writereq' 'writeresp'>

State 65 <SV = 64> <Delay = 7.30>
ST_65 : Operation 141 [8/68] (7.30ns)   --->   "%empty_30 = writeresp i1 @_ssdm_op_WriteResp.m_axi.p1i512, i512 %gmem1_addr" [Vitis_Accel_Examples/cpp_kernels/critical_path/src/apply_watermark.cpp:144]   --->   Operation 141 'writeresp' 'empty_30' <Predicate = true> <Delay = 7.30> <CoreInst = "m_axi">   --->   Core 113 'm_axi' <Latency = 0> <II = 1> <Delay = 1.00> <Adapter> <Opcode : 'read' 'write' 'readreq' 'writereq' 'writeresp'>

State 66 <SV = 65> <Delay = 7.30>
ST_66 : Operation 142 [7/68] (7.30ns)   --->   "%empty_30 = writeresp i1 @_ssdm_op_WriteResp.m_axi.p1i512, i512 %gmem1_addr" [Vitis_Accel_Examples/cpp_kernels/critical_path/src/apply_watermark.cpp:144]   --->   Operation 142 'writeresp' 'empty_30' <Predicate = true> <Delay = 7.30> <CoreInst = "m_axi">   --->   Core 113 'm_axi' <Latency = 0> <II = 1> <Delay = 1.00> <Adapter> <Opcode : 'read' 'write' 'readreq' 'writereq' 'writeresp'>

State 67 <SV = 66> <Delay = 7.30>
ST_67 : Operation 143 [6/68] (7.30ns)   --->   "%empty_30 = writeresp i1 @_ssdm_op_WriteResp.m_axi.p1i512, i512 %gmem1_addr" [Vitis_Accel_Examples/cpp_kernels/critical_path/src/apply_watermark.cpp:144]   --->   Operation 143 'writeresp' 'empty_30' <Predicate = true> <Delay = 7.30> <CoreInst = "m_axi">   --->   Core 113 'm_axi' <Latency = 0> <II = 1> <Delay = 1.00> <Adapter> <Opcode : 'read' 'write' 'readreq' 'writereq' 'writeresp'>

State 68 <SV = 67> <Delay = 7.30>
ST_68 : Operation 144 [5/68] (7.30ns)   --->   "%empty_30 = writeresp i1 @_ssdm_op_WriteResp.m_axi.p1i512, i512 %gmem1_addr" [Vitis_Accel_Examples/cpp_kernels/critical_path/src/apply_watermark.cpp:144]   --->   Operation 144 'writeresp' 'empty_30' <Predicate = true> <Delay = 7.30> <CoreInst = "m_axi">   --->   Core 113 'm_axi' <Latency = 0> <II = 1> <Delay = 1.00> <Adapter> <Opcode : 'read' 'write' 'readreq' 'writereq' 'writeresp'>

State 69 <SV = 68> <Delay = 7.30>
ST_69 : Operation 145 [4/68] (7.30ns)   --->   "%empty_30 = writeresp i1 @_ssdm_op_WriteResp.m_axi.p1i512, i512 %gmem1_addr" [Vitis_Accel_Examples/cpp_kernels/critical_path/src/apply_watermark.cpp:144]   --->   Operation 145 'writeresp' 'empty_30' <Predicate = true> <Delay = 7.30> <CoreInst = "m_axi">   --->   Core 113 'm_axi' <Latency = 0> <II = 1> <Delay = 1.00> <Adapter> <Opcode : 'read' 'write' 'readreq' 'writereq' 'writeresp'>

State 70 <SV = 69> <Delay = 7.30>
ST_70 : Operation 146 [3/68] (7.30ns)   --->   "%empty_30 = writeresp i1 @_ssdm_op_WriteResp.m_axi.p1i512, i512 %gmem1_addr" [Vitis_Accel_Examples/cpp_kernels/critical_path/src/apply_watermark.cpp:144]   --->   Operation 146 'writeresp' 'empty_30' <Predicate = true> <Delay = 7.30> <CoreInst = "m_axi">   --->   Core 113 'm_axi' <Latency = 0> <II = 1> <Delay = 1.00> <Adapter> <Opcode : 'read' 'write' 'readreq' 'writereq' 'writeresp'>

State 71 <SV = 70> <Delay = 7.30>
ST_71 : Operation 147 [2/68] (7.30ns)   --->   "%empty_30 = writeresp i1 @_ssdm_op_WriteResp.m_axi.p1i512, i512 %gmem1_addr" [Vitis_Accel_Examples/cpp_kernels/critical_path/src/apply_watermark.cpp:144]   --->   Operation 147 'writeresp' 'empty_30' <Predicate = true> <Delay = 7.30> <CoreInst = "m_axi">   --->   Core 113 'm_axi' <Latency = 0> <II = 1> <Delay = 1.00> <Adapter> <Opcode : 'read' 'write' 'readreq' 'writereq' 'writeresp'>

State 72 <SV = 71> <Delay = 7.30>
ST_72 : Operation 148 [1/1] (0.00ns)   --->   "%specinterface_ln0 = specinterface void @_ssdm_op_SpecInterface, i64 %out_r, void @ap_fifo_str, i32 0, i32 0, void @p_str, i32 0, i32 0, void @p_str, void @p_str, void @p_str, i32 2, i32 2, i32 16, i32 16, void @p_str, void @ScalarProp_str, i32 4294967295, i32 0"   --->   Operation 148 'specinterface' 'specinterface_ln0' <Predicate = true> <Delay = 0.00>
ST_72 : Operation 149 [1/1] (0.00ns)   --->   "%specinterface_ln0 = specinterface void @_ssdm_op_SpecInterface, i512 %outStream, void @empty_5, i32 0, i32 0, void @empty_13, i32 0, i32 0, void @empty_13, void @empty_13, void @empty_13, i32 0, i32 0, i32 0, i32 0, void @empty_13, void @empty_13, i32 4294967295, i32 0"   --->   Operation 149 'specinterface' 'specinterface_ln0' <Predicate = true> <Delay = 0.00>
ST_72 : Operation 150 [1/1] (0.00ns)   --->   "%specinterface_ln0 = specinterface void @_ssdm_op_SpecInterface, i512 %outStream, void @empty_5, i32 0, i32 0, void @empty_13, i32 0, i32 0, void @empty_13, void @empty_13, void @empty_13, i32 0, i32 0, i32 0, i32 0, void @empty_13, void @empty_13, i32 4294967295, i32 0"   --->   Operation 150 'specinterface' 'specinterface_ln0' <Predicate = true> <Delay = 0.00>
ST_72 : Operation 151 [1/1] (0.00ns)   --->   "%specinterface_ln0 = specinterface void @_ssdm_op_SpecInterface, i512 %outStream, void @empty_5, i32 0, i32 0, void @empty_13, i32 0, i32 0, void @empty_13, void @empty_13, void @empty_13, i32 0, i32 0, i32 0, i32 0, void @empty_13, void @empty_13, i32 4294967295, i32 0"   --->   Operation 151 'specinterface' 'specinterface_ln0' <Predicate = true> <Delay = 0.00>
ST_72 : Operation 152 [1/1] (0.00ns)   --->   "%specinterface_ln0 = specinterface void @_ssdm_op_SpecInterface, i512 %outStream, void @empty_5, i32 0, i32 0, void @empty_13, i32 0, i32 0, void @empty_13, void @empty_13, void @empty_13, i32 0, i32 0, i32 0, i32 0, void @empty_13, void @empty_13, i32 4294967295, i32 0"   --->   Operation 152 'specinterface' 'specinterface_ln0' <Predicate = true> <Delay = 0.00>
ST_72 : Operation 153 [1/1] (0.00ns)   --->   "%specinterface_ln0 = specinterface void @_ssdm_op_SpecInterface, i512 %gmem1, void @empty_10, i32 0, i32 0, void @empty_13, i32 64, i32 31568, void @empty_2, void @empty_11, void @empty_13, i32 16, i32 16, i32 16, i32 16, void @empty_13, void @empty_13, i32 4294967295, i32 0"   --->   Operation 153 'specinterface' 'specinterface_ln0' <Predicate = true> <Delay = 0.00>
ST_72 : Operation 154 [1/68] (7.30ns)   --->   "%empty_30 = writeresp i1 @_ssdm_op_WriteResp.m_axi.p1i512, i512 %gmem1_addr" [Vitis_Accel_Examples/cpp_kernels/critical_path/src/apply_watermark.cpp:144]   --->   Operation 154 'writeresp' 'empty_30' <Predicate = true> <Delay = 7.30> <CoreInst = "m_axi">   --->   Core 113 'm_axi' <Latency = 0> <II = 1> <Delay = 1.00> <Adapter> <Opcode : 'read' 'write' 'readreq' 'writereq' 'writeresp'>
ST_72 : Operation 155 [1/1] (0.00ns)   --->   "%ret_ln0 = ret"   --->   Operation 155 'ret' 'ret_ln0' <Predicate = true> <Delay = 0.00>


============================================================
+ Verbose Summary: Timing violations
============================================================
Target clock period: 10ns, clock uncertainty: 2.7ns.

 <State 1>: 3.63ns
The critical path consists of the following:
	fifo read operation ('out_read', Vitis_Accel_Examples/cpp_kernels/critical_path/src/apply_watermark.cpp:136) on port 'out_r' (Vitis_Accel_Examples/cpp_kernels/critical_path/src/apply_watermark.cpp:136) [5]  (3.63 ns)

 <State 2>: 7.3ns
The critical path consists of the following:
	'getelementptr' operation ('gmem1_addr', Vitis_Accel_Examples/cpp_kernels/critical_path/src/apply_watermark.cpp:139) [13]  (0 ns)
	bus request operation ('empty', Vitis_Accel_Examples/cpp_kernels/critical_path/src/apply_watermark.cpp:139) on port 'gmem1' (Vitis_Accel_Examples/cpp_kernels/critical_path/src/apply_watermark.cpp:139) [14]  (7.3 ns)

 <State 3>: 0ns
The critical path consists of the following:

 <State 4>: 0ns
The critical path consists of the following:

 <State 5>: 7.3ns
The critical path consists of the following:
	bus response operation ('empty_30', Vitis_Accel_Examples/cpp_kernels/critical_path/src/apply_watermark.cpp:144) on port 'gmem1' (Vitis_Accel_Examples/cpp_kernels/critical_path/src/apply_watermark.cpp:144) [17]  (7.3 ns)

 <State 6>: 7.3ns
The critical path consists of the following:
	bus response operation ('empty_30', Vitis_Accel_Examples/cpp_kernels/critical_path/src/apply_watermark.cpp:144) on port 'gmem1' (Vitis_Accel_Examples/cpp_kernels/critical_path/src/apply_watermark.cpp:144) [17]  (7.3 ns)

 <State 7>: 7.3ns
The critical path consists of the following:
	bus response operation ('empty_30', Vitis_Accel_Examples/cpp_kernels/critical_path/src/apply_watermark.cpp:144) on port 'gmem1' (Vitis_Accel_Examples/cpp_kernels/critical_path/src/apply_watermark.cpp:144) [17]  (7.3 ns)

 <State 8>: 7.3ns
The critical path consists of the following:
	bus response operation ('empty_30', Vitis_Accel_Examples/cpp_kernels/critical_path/src/apply_watermark.cpp:144) on port 'gmem1' (Vitis_Accel_Examples/cpp_kernels/critical_path/src/apply_watermark.cpp:144) [17]  (7.3 ns)

 <State 9>: 7.3ns
The critical path consists of the following:
	bus response operation ('empty_30', Vitis_Accel_Examples/cpp_kernels/critical_path/src/apply_watermark.cpp:144) on port 'gmem1' (Vitis_Accel_Examples/cpp_kernels/critical_path/src/apply_watermark.cpp:144) [17]  (7.3 ns)

 <State 10>: 7.3ns
The critical path consists of the following:
	bus response operation ('empty_30', Vitis_Accel_Examples/cpp_kernels/critical_path/src/apply_watermark.cpp:144) on port 'gmem1' (Vitis_Accel_Examples/cpp_kernels/critical_path/src/apply_watermark.cpp:144) [17]  (7.3 ns)

 <State 11>: 7.3ns
The critical path consists of the following:
	bus response operation ('empty_30', Vitis_Accel_Examples/cpp_kernels/critical_path/src/apply_watermark.cpp:144) on port 'gmem1' (Vitis_Accel_Examples/cpp_kernels/critical_path/src/apply_watermark.cpp:144) [17]  (7.3 ns)

 <State 12>: 7.3ns
The critical path consists of the following:
	bus response operation ('empty_30', Vitis_Accel_Examples/cpp_kernels/critical_path/src/apply_watermark.cpp:144) on port 'gmem1' (Vitis_Accel_Examples/cpp_kernels/critical_path/src/apply_watermark.cpp:144) [17]  (7.3 ns)

 <State 13>: 7.3ns
The critical path consists of the following:
	bus response operation ('empty_30', Vitis_Accel_Examples/cpp_kernels/critical_path/src/apply_watermark.cpp:144) on port 'gmem1' (Vitis_Accel_Examples/cpp_kernels/critical_path/src/apply_watermark.cpp:144) [17]  (7.3 ns)

 <State 14>: 7.3ns
The critical path consists of the following:
	bus response operation ('empty_30', Vitis_Accel_Examples/cpp_kernels/critical_path/src/apply_watermark.cpp:144) on port 'gmem1' (Vitis_Accel_Examples/cpp_kernels/critical_path/src/apply_watermark.cpp:144) [17]  (7.3 ns)

 <State 15>: 7.3ns
The critical path consists of the following:
	bus response operation ('empty_30', Vitis_Accel_Examples/cpp_kernels/critical_path/src/apply_watermark.cpp:144) on port 'gmem1' (Vitis_Accel_Examples/cpp_kernels/critical_path/src/apply_watermark.cpp:144) [17]  (7.3 ns)

 <State 16>: 7.3ns
The critical path consists of the following:
	bus response operation ('empty_30', Vitis_Accel_Examples/cpp_kernels/critical_path/src/apply_watermark.cpp:144) on port 'gmem1' (Vitis_Accel_Examples/cpp_kernels/critical_path/src/apply_watermark.cpp:144) [17]  (7.3 ns)

 <State 17>: 7.3ns
The critical path consists of the following:
	bus response operation ('empty_30', Vitis_Accel_Examples/cpp_kernels/critical_path/src/apply_watermark.cpp:144) on port 'gmem1' (Vitis_Accel_Examples/cpp_kernels/critical_path/src/apply_watermark.cpp:144) [17]  (7.3 ns)

 <State 18>: 7.3ns
The critical path consists of the following:
	bus response operation ('empty_30', Vitis_Accel_Examples/cpp_kernels/critical_path/src/apply_watermark.cpp:144) on port 'gmem1' (Vitis_Accel_Examples/cpp_kernels/critical_path/src/apply_watermark.cpp:144) [17]  (7.3 ns)

 <State 19>: 7.3ns
The critical path consists of the following:
	bus response operation ('empty_30', Vitis_Accel_Examples/cpp_kernels/critical_path/src/apply_watermark.cpp:144) on port 'gmem1' (Vitis_Accel_Examples/cpp_kernels/critical_path/src/apply_watermark.cpp:144) [17]  (7.3 ns)

 <State 20>: 7.3ns
The critical path consists of the following:
	bus response operation ('empty_30', Vitis_Accel_Examples/cpp_kernels/critical_path/src/apply_watermark.cpp:144) on port 'gmem1' (Vitis_Accel_Examples/cpp_kernels/critical_path/src/apply_watermark.cpp:144) [17]  (7.3 ns)

 <State 21>: 7.3ns
The critical path consists of the following:
	bus response operation ('empty_30', Vitis_Accel_Examples/cpp_kernels/critical_path/src/apply_watermark.cpp:144) on port 'gmem1' (Vitis_Accel_Examples/cpp_kernels/critical_path/src/apply_watermark.cpp:144) [17]  (7.3 ns)

 <State 22>: 7.3ns
The critical path consists of the following:
	bus response operation ('empty_30', Vitis_Accel_Examples/cpp_kernels/critical_path/src/apply_watermark.cpp:144) on port 'gmem1' (Vitis_Accel_Examples/cpp_kernels/critical_path/src/apply_watermark.cpp:144) [17]  (7.3 ns)

 <State 23>: 7.3ns
The critical path consists of the following:
	bus response operation ('empty_30', Vitis_Accel_Examples/cpp_kernels/critical_path/src/apply_watermark.cpp:144) on port 'gmem1' (Vitis_Accel_Examples/cpp_kernels/critical_path/src/apply_watermark.cpp:144) [17]  (7.3 ns)

 <State 24>: 7.3ns
The critical path consists of the following:
	bus response operation ('empty_30', Vitis_Accel_Examples/cpp_kernels/critical_path/src/apply_watermark.cpp:144) on port 'gmem1' (Vitis_Accel_Examples/cpp_kernels/critical_path/src/apply_watermark.cpp:144) [17]  (7.3 ns)

 <State 25>: 7.3ns
The critical path consists of the following:
	bus response operation ('empty_30', Vitis_Accel_Examples/cpp_kernels/critical_path/src/apply_watermark.cpp:144) on port 'gmem1' (Vitis_Accel_Examples/cpp_kernels/critical_path/src/apply_watermark.cpp:144) [17]  (7.3 ns)

 <State 26>: 7.3ns
The critical path consists of the following:
	bus response operation ('empty_30', Vitis_Accel_Examples/cpp_kernels/critical_path/src/apply_watermark.cpp:144) on port 'gmem1' (Vitis_Accel_Examples/cpp_kernels/critical_path/src/apply_watermark.cpp:144) [17]  (7.3 ns)

 <State 27>: 7.3ns
The critical path consists of the following:
	bus response operation ('empty_30', Vitis_Accel_Examples/cpp_kernels/critical_path/src/apply_watermark.cpp:144) on port 'gmem1' (Vitis_Accel_Examples/cpp_kernels/critical_path/src/apply_watermark.cpp:144) [17]  (7.3 ns)

 <State 28>: 7.3ns
The critical path consists of the following:
	bus response operation ('empty_30', Vitis_Accel_Examples/cpp_kernels/critical_path/src/apply_watermark.cpp:144) on port 'gmem1' (Vitis_Accel_Examples/cpp_kernels/critical_path/src/apply_watermark.cpp:144) [17]  (7.3 ns)

 <State 29>: 7.3ns
The critical path consists of the following:
	bus response operation ('empty_30', Vitis_Accel_Examples/cpp_kernels/critical_path/src/apply_watermark.cpp:144) on port 'gmem1' (Vitis_Accel_Examples/cpp_kernels/critical_path/src/apply_watermark.cpp:144) [17]  (7.3 ns)

 <State 30>: 7.3ns
The critical path consists of the following:
	bus response operation ('empty_30', Vitis_Accel_Examples/cpp_kernels/critical_path/src/apply_watermark.cpp:144) on port 'gmem1' (Vitis_Accel_Examples/cpp_kernels/critical_path/src/apply_watermark.cpp:144) [17]  (7.3 ns)

 <State 31>: 7.3ns
The critical path consists of the following:
	bus response operation ('empty_30', Vitis_Accel_Examples/cpp_kernels/critical_path/src/apply_watermark.cpp:144) on port 'gmem1' (Vitis_Accel_Examples/cpp_kernels/critical_path/src/apply_watermark.cpp:144) [17]  (7.3 ns)

 <State 32>: 7.3ns
The critical path consists of the following:
	bus response operation ('empty_30', Vitis_Accel_Examples/cpp_kernels/critical_path/src/apply_watermark.cpp:144) on port 'gmem1' (Vitis_Accel_Examples/cpp_kernels/critical_path/src/apply_watermark.cpp:144) [17]  (7.3 ns)

 <State 33>: 7.3ns
The critical path consists of the following:
	bus response operation ('empty_30', Vitis_Accel_Examples/cpp_kernels/critical_path/src/apply_watermark.cpp:144) on port 'gmem1' (Vitis_Accel_Examples/cpp_kernels/critical_path/src/apply_watermark.cpp:144) [17]  (7.3 ns)

 <State 34>: 7.3ns
The critical path consists of the following:
	bus response operation ('empty_30', Vitis_Accel_Examples/cpp_kernels/critical_path/src/apply_watermark.cpp:144) on port 'gmem1' (Vitis_Accel_Examples/cpp_kernels/critical_path/src/apply_watermark.cpp:144) [17]  (7.3 ns)

 <State 35>: 7.3ns
The critical path consists of the following:
	bus response operation ('empty_30', Vitis_Accel_Examples/cpp_kernels/critical_path/src/apply_watermark.cpp:144) on port 'gmem1' (Vitis_Accel_Examples/cpp_kernels/critical_path/src/apply_watermark.cpp:144) [17]  (7.3 ns)

 <State 36>: 7.3ns
The critical path consists of the following:
	bus response operation ('empty_30', Vitis_Accel_Examples/cpp_kernels/critical_path/src/apply_watermark.cpp:144) on port 'gmem1' (Vitis_Accel_Examples/cpp_kernels/critical_path/src/apply_watermark.cpp:144) [17]  (7.3 ns)

 <State 37>: 7.3ns
The critical path consists of the following:
	bus response operation ('empty_30', Vitis_Accel_Examples/cpp_kernels/critical_path/src/apply_watermark.cpp:144) on port 'gmem1' (Vitis_Accel_Examples/cpp_kernels/critical_path/src/apply_watermark.cpp:144) [17]  (7.3 ns)

 <State 38>: 7.3ns
The critical path consists of the following:
	bus response operation ('empty_30', Vitis_Accel_Examples/cpp_kernels/critical_path/src/apply_watermark.cpp:144) on port 'gmem1' (Vitis_Accel_Examples/cpp_kernels/critical_path/src/apply_watermark.cpp:144) [17]  (7.3 ns)

 <State 39>: 7.3ns
The critical path consists of the following:
	bus response operation ('empty_30', Vitis_Accel_Examples/cpp_kernels/critical_path/src/apply_watermark.cpp:144) on port 'gmem1' (Vitis_Accel_Examples/cpp_kernels/critical_path/src/apply_watermark.cpp:144) [17]  (7.3 ns)

 <State 40>: 7.3ns
The critical path consists of the following:
	bus response operation ('empty_30', Vitis_Accel_Examples/cpp_kernels/critical_path/src/apply_watermark.cpp:144) on port 'gmem1' (Vitis_Accel_Examples/cpp_kernels/critical_path/src/apply_watermark.cpp:144) [17]  (7.3 ns)

 <State 41>: 7.3ns
The critical path consists of the following:
	bus response operation ('empty_30', Vitis_Accel_Examples/cpp_kernels/critical_path/src/apply_watermark.cpp:144) on port 'gmem1' (Vitis_Accel_Examples/cpp_kernels/critical_path/src/apply_watermark.cpp:144) [17]  (7.3 ns)

 <State 42>: 7.3ns
The critical path consists of the following:
	bus response operation ('empty_30', Vitis_Accel_Examples/cpp_kernels/critical_path/src/apply_watermark.cpp:144) on port 'gmem1' (Vitis_Accel_Examples/cpp_kernels/critical_path/src/apply_watermark.cpp:144) [17]  (7.3 ns)

 <State 43>: 7.3ns
The critical path consists of the following:
	bus response operation ('empty_30', Vitis_Accel_Examples/cpp_kernels/critical_path/src/apply_watermark.cpp:144) on port 'gmem1' (Vitis_Accel_Examples/cpp_kernels/critical_path/src/apply_watermark.cpp:144) [17]  (7.3 ns)

 <State 44>: 7.3ns
The critical path consists of the following:
	bus response operation ('empty_30', Vitis_Accel_Examples/cpp_kernels/critical_path/src/apply_watermark.cpp:144) on port 'gmem1' (Vitis_Accel_Examples/cpp_kernels/critical_path/src/apply_watermark.cpp:144) [17]  (7.3 ns)

 <State 45>: 7.3ns
The critical path consists of the following:
	bus response operation ('empty_30', Vitis_Accel_Examples/cpp_kernels/critical_path/src/apply_watermark.cpp:144) on port 'gmem1' (Vitis_Accel_Examples/cpp_kernels/critical_path/src/apply_watermark.cpp:144) [17]  (7.3 ns)

 <State 46>: 7.3ns
The critical path consists of the following:
	bus response operation ('empty_30', Vitis_Accel_Examples/cpp_kernels/critical_path/src/apply_watermark.cpp:144) on port 'gmem1' (Vitis_Accel_Examples/cpp_kernels/critical_path/src/apply_watermark.cpp:144) [17]  (7.3 ns)

 <State 47>: 7.3ns
The critical path consists of the following:
	bus response operation ('empty_30', Vitis_Accel_Examples/cpp_kernels/critical_path/src/apply_watermark.cpp:144) on port 'gmem1' (Vitis_Accel_Examples/cpp_kernels/critical_path/src/apply_watermark.cpp:144) [17]  (7.3 ns)

 <State 48>: 7.3ns
The critical path consists of the following:
	bus response operation ('empty_30', Vitis_Accel_Examples/cpp_kernels/critical_path/src/apply_watermark.cpp:144) on port 'gmem1' (Vitis_Accel_Examples/cpp_kernels/critical_path/src/apply_watermark.cpp:144) [17]  (7.3 ns)

 <State 49>: 7.3ns
The critical path consists of the following:
	bus response operation ('empty_30', Vitis_Accel_Examples/cpp_kernels/critical_path/src/apply_watermark.cpp:144) on port 'gmem1' (Vitis_Accel_Examples/cpp_kernels/critical_path/src/apply_watermark.cpp:144) [17]  (7.3 ns)

 <State 50>: 7.3ns
The critical path consists of the following:
	bus response operation ('empty_30', Vitis_Accel_Examples/cpp_kernels/critical_path/src/apply_watermark.cpp:144) on port 'gmem1' (Vitis_Accel_Examples/cpp_kernels/critical_path/src/apply_watermark.cpp:144) [17]  (7.3 ns)

 <State 51>: 7.3ns
The critical path consists of the following:
	bus response operation ('empty_30', Vitis_Accel_Examples/cpp_kernels/critical_path/src/apply_watermark.cpp:144) on port 'gmem1' (Vitis_Accel_Examples/cpp_kernels/critical_path/src/apply_watermark.cpp:144) [17]  (7.3 ns)

 <State 52>: 7.3ns
The critical path consists of the following:
	bus response operation ('empty_30', Vitis_Accel_Examples/cpp_kernels/critical_path/src/apply_watermark.cpp:144) on port 'gmem1' (Vitis_Accel_Examples/cpp_kernels/critical_path/src/apply_watermark.cpp:144) [17]  (7.3 ns)

 <State 53>: 7.3ns
The critical path consists of the following:
	bus response operation ('empty_30', Vitis_Accel_Examples/cpp_kernels/critical_path/src/apply_watermark.cpp:144) on port 'gmem1' (Vitis_Accel_Examples/cpp_kernels/critical_path/src/apply_watermark.cpp:144) [17]  (7.3 ns)

 <State 54>: 7.3ns
The critical path consists of the following:
	bus response operation ('empty_30', Vitis_Accel_Examples/cpp_kernels/critical_path/src/apply_watermark.cpp:144) on port 'gmem1' (Vitis_Accel_Examples/cpp_kernels/critical_path/src/apply_watermark.cpp:144) [17]  (7.3 ns)

 <State 55>: 7.3ns
The critical path consists of the following:
	bus response operation ('empty_30', Vitis_Accel_Examples/cpp_kernels/critical_path/src/apply_watermark.cpp:144) on port 'gmem1' (Vitis_Accel_Examples/cpp_kernels/critical_path/src/apply_watermark.cpp:144) [17]  (7.3 ns)

 <State 56>: 7.3ns
The critical path consists of the following:
	bus response operation ('empty_30', Vitis_Accel_Examples/cpp_kernels/critical_path/src/apply_watermark.cpp:144) on port 'gmem1' (Vitis_Accel_Examples/cpp_kernels/critical_path/src/apply_watermark.cpp:144) [17]  (7.3 ns)

 <State 57>: 7.3ns
The critical path consists of the following:
	bus response operation ('empty_30', Vitis_Accel_Examples/cpp_kernels/critical_path/src/apply_watermark.cpp:144) on port 'gmem1' (Vitis_Accel_Examples/cpp_kernels/critical_path/src/apply_watermark.cpp:144) [17]  (7.3 ns)

 <State 58>: 7.3ns
The critical path consists of the following:
	bus response operation ('empty_30', Vitis_Accel_Examples/cpp_kernels/critical_path/src/apply_watermark.cpp:144) on port 'gmem1' (Vitis_Accel_Examples/cpp_kernels/critical_path/src/apply_watermark.cpp:144) [17]  (7.3 ns)

 <State 59>: 7.3ns
The critical path consists of the following:
	bus response operation ('empty_30', Vitis_Accel_Examples/cpp_kernels/critical_path/src/apply_watermark.cpp:144) on port 'gmem1' (Vitis_Accel_Examples/cpp_kernels/critical_path/src/apply_watermark.cpp:144) [17]  (7.3 ns)

 <State 60>: 7.3ns
The critical path consists of the following:
	bus response operation ('empty_30', Vitis_Accel_Examples/cpp_kernels/critical_path/src/apply_watermark.cpp:144) on port 'gmem1' (Vitis_Accel_Examples/cpp_kernels/critical_path/src/apply_watermark.cpp:144) [17]  (7.3 ns)

 <State 61>: 7.3ns
The critical path consists of the following:
	bus response operation ('empty_30', Vitis_Accel_Examples/cpp_kernels/critical_path/src/apply_watermark.cpp:144) on port 'gmem1' (Vitis_Accel_Examples/cpp_kernels/critical_path/src/apply_watermark.cpp:144) [17]  (7.3 ns)

 <State 62>: 7.3ns
The critical path consists of the following:
	bus response operation ('empty_30', Vitis_Accel_Examples/cpp_kernels/critical_path/src/apply_watermark.cpp:144) on port 'gmem1' (Vitis_Accel_Examples/cpp_kernels/critical_path/src/apply_watermark.cpp:144) [17]  (7.3 ns)

 <State 63>: 7.3ns
The critical path consists of the following:
	bus response operation ('empty_30', Vitis_Accel_Examples/cpp_kernels/critical_path/src/apply_watermark.cpp:144) on port 'gmem1' (Vitis_Accel_Examples/cpp_kernels/critical_path/src/apply_watermark.cpp:144) [17]  (7.3 ns)

 <State 64>: 7.3ns
The critical path consists of the following:
	bus response operation ('empty_30', Vitis_Accel_Examples/cpp_kernels/critical_path/src/apply_watermark.cpp:144) on port 'gmem1' (Vitis_Accel_Examples/cpp_kernels/critical_path/src/apply_watermark.cpp:144) [17]  (7.3 ns)

 <State 65>: 7.3ns
The critical path consists of the following:
	bus response operation ('empty_30', Vitis_Accel_Examples/cpp_kernels/critical_path/src/apply_watermark.cpp:144) on port 'gmem1' (Vitis_Accel_Examples/cpp_kernels/critical_path/src/apply_watermark.cpp:144) [17]  (7.3 ns)

 <State 66>: 7.3ns
The critical path consists of the following:
	bus response operation ('empty_30', Vitis_Accel_Examples/cpp_kernels/critical_path/src/apply_watermark.cpp:144) on port 'gmem1' (Vitis_Accel_Examples/cpp_kernels/critical_path/src/apply_watermark.cpp:144) [17]  (7.3 ns)

 <State 67>: 7.3ns
The critical path consists of the following:
	bus response operation ('empty_30', Vitis_Accel_Examples/cpp_kernels/critical_path/src/apply_watermark.cpp:144) on port 'gmem1' (Vitis_Accel_Examples/cpp_kernels/critical_path/src/apply_watermark.cpp:144) [17]  (7.3 ns)

 <State 68>: 7.3ns
The critical path consists of the following:
	bus response operation ('empty_30', Vitis_Accel_Examples/cpp_kernels/critical_path/src/apply_watermark.cpp:144) on port 'gmem1' (Vitis_Accel_Examples/cpp_kernels/critical_path/src/apply_watermark.cpp:144) [17]  (7.3 ns)

 <State 69>: 7.3ns
The critical path consists of the following:
	bus response operation ('empty_30', Vitis_Accel_Examples/cpp_kernels/critical_path/src/apply_watermark.cpp:144) on port 'gmem1' (Vitis_Accel_Examples/cpp_kernels/critical_path/src/apply_watermark.cpp:144) [17]  (7.3 ns)

 <State 70>: 7.3ns
The critical path consists of the following:
	bus response operation ('empty_30', Vitis_Accel_Examples/cpp_kernels/critical_path/src/apply_watermark.cpp:144) on port 'gmem1' (Vitis_Accel_Examples/cpp_kernels/critical_path/src/apply_watermark.cpp:144) [17]  (7.3 ns)

 <State 71>: 7.3ns
The critical path consists of the following:
	bus response operation ('empty_30', Vitis_Accel_Examples/cpp_kernels/critical_path/src/apply_watermark.cpp:144) on port 'gmem1' (Vitis_Accel_Examples/cpp_kernels/critical_path/src/apply_watermark.cpp:144) [17]  (7.3 ns)

 <State 72>: 7.3ns
The critical path consists of the following:
	bus response operation ('empty_30', Vitis_Accel_Examples/cpp_kernels/critical_path/src/apply_watermark.cpp:144) on port 'gmem1' (Vitis_Accel_Examples/cpp_kernels/critical_path/src/apply_watermark.cpp:144) [17]  (7.3 ns)


============================================================
+ Verbose Summary: Binding
============================================================
N/A
* FSMD analyzer results:
  - Output states:
 - Input state : 
  - Chain level:
	State 1
	State 2
	State 3
	State 4
	State 5
	State 6
	State 7
	State 8
	State 9
	State 10
	State 11
	State 12
	State 13
	State 14
	State 15
	State 16
	State 17
	State 18
	State 19
	State 20
	State 21
	State 22
	State 23
	State 24
	State 25
	State 26
	State 27
	State 28
	State 29
	State 30
	State 31
	State 32
	State 33
	State 34
	State 35
	State 36
	State 37
	State 38
	State 39
	State 40
	State 41
	State 42
	State 43
	State 44
	State 45
	State 46
	State 47
	State 48
	State 49
	State 50
	State 51
	State 52
	State 53
	State 54
	State 55
	State 56
	State 57
	State 58
	State 59
	State 60
	State 61
	State 62
	State 63
	State 64
	State 65
	State 66
	State 67
	State 68
	State 69
	State 70
	State 71
	State 72


============================================================
+ Verbose Summary: Datapath Resource usage 
============================================================
N/A
